<html>
<head>
<title>TestNG:  smoke testing CityBank search</title>
<link href="../testng.css" rel="stylesheet" type="text/css" />
<link href="../my-testng.css" rel="stylesheet" type="text/css" />

<style type="text/css">
.log { display: none;} 
.stack-trace { display: none;} 
</style>
<script type="text/javascript">
<!--
function flip(e) {
  current = e.style.display;
  if (current == 'block') {
    e.style.display = 'none';
    return 0;
  }
  else {
    e.style.display = 'block';
    return 1;
  }
}

function toggleBox(szDivId, elem, msg1, msg2)
{
  var res = -1;  if (document.getElementById) {
    res = flip(document.getElementById(szDivId));
  }
  else if (document.all) {
    // this is the way old msie versions work
    res = flip(document.all[szDivId]);
  }
  if(elem) {
    if(res == 0) elem.innerHTML = msg1; else elem.innerHTML = msg2;
  }

}

function toggleAllBoxes() {
  if (document.getElementsByTagName) {
    d = document.getElementsByTagName('div');
    for (i = 0; i < d.length; i++) {
      if (d[i].className == 'log') {
        flip(d[i]);
      }
    }
  }
}

// -->
</script>

</head>
<body>
<h2 align='center'>smoke testing CityBank search</h2><table border='1' align="center">
<tr>
<td>Tests passed/Failed/Skipped:</td><td>41/2/0</td>
</tr><tr>
<td>Started on:</td><td>Fri Nov 26 20:12:46 EST 2021</td>
</tr>
<tr><td>Total time:</td><td>926 seconds (926017 ms)</td>
</tr><tr>
<td>Included groups:</td><td></td>
</tr><tr>
<td>Excluded groups:</td><td></td>
</tr>
</table><p/>
<small><i>(Hover the method name to see the test class name)</i></small><p/>
<table width='100%' border='1' class='invocation-failed'>
<tr><td colspan='4' align='center'><b>FAILED TESTS</b></td></tr>
<tr><td><b>Test method</b></td>
<td width="30%"><b>Exception</b></td>
<td width="10%"><b>Time (seconds)</b></td>
<td><b>Instance</b></td>
</tr>
<tr>
<td title='test.TestCreditCards.TestDoubleCashCreditCard()'><b>TestDoubleCashCreditCard</b><br>Test class: test.TestCreditCards</td>
<td><div><pre>org.openqa.selenium.NoSuchElementException: no such element: Unable to locate element: {&quot;method&quot;:&quot;xpath&quot;,&quot;selector&quot;:&quot;//*[@id=&apos;cds-input-6&apos;]&quot;}
  (Session info: chrome=96.0.4664.45)
For documentation on this error, please visit: https://selenium.dev/exceptions/#no_such_element
Build info: version: &apos;4.0.0&apos;, revision: &apos;3a21814679&apos;
System info: host: &apos;DESKTOP-7LQLMGE&apos;, ip: &apos;192.168.1.184&apos;, os.name: &apos;Windows 10&apos;, os.arch: &apos;amd64&apos;, os.version: &apos;10.0&apos;, java.version: &apos;11.0.11&apos;
Driver info: org.openqa.selenium.chrome.ChromeDriver
Command: [d875cd1b3d9a4034ce66c8814ce5ab10, findElement {using=xpath, value=//*[@id=&apos;cds-input-6&apos;]}]
Capabilities {acceptInsecureCerts: false, browserName: chrome, browserVersion: 96.0.4664.45, chrome: {chromedriverVersion: 95.0.4638.54 (d31a821ec901f..., userDataDir: C:\Users\nassi\AppData\Loca...}, goog:chromeOptions: {debuggerAddress: localhost:51228}, javascriptEnabled: true, networkConnectionEnabled: false, pageLoadStrategy: normal, platform: WINDOWS, platformName: WINDOWS, proxy: Proxy(), se:cdp: ws://localhost:51228/devtoo..., se:cdpVersion: 96.0.4664.45, setWindowRect: true, strictFileInteractability: false, timeouts: {implicit: 0, pageLoad: 300000, script: 30000}, unhandledPromptBehavior: dismiss and notify, webauthn:extension:credBlob: true, webauthn:extension:largeBlob: true, webauthn:virtualAuthenticators: true}
Session ID: d875cd1b3d9a4034ce66c8814ce5ab10
	at org.openqa.selenium.remote.codec.w3c.W3CHttpResponseCodec.createException(W3CHttpResponseCodec.java:200)
	at org.openqa.selenium.remote.codec.w3c.W3CHttpResponseCodec.decode(W3CHttpResponseCodec.java:133)
	at org.openqa.selenium.remote.codec.w3c.W3CHttpResponseCodec.decode(W3CHttpResponseCodec.java:53)
	at org.openqa.selenium.remote.HttpCommandExecutor.execute(HttpCommandExecutor.java:184)
	at org.openqa.selenium.remote.service.DriverCommandExecutor.invokeExecute(DriverCommandExecutor.java:164)
	at org.openqa.selenium.remote.service.DriverCommandExecutor.execute(DriverCommandExecutor.java:139)
	at org.openqa.selenium.remote.RemoteWebDriver.execute(RemoteWebDriver.java:559)
	at org.openqa.selenium.remote.ElementLocation$ElementFinder$2.findElement(ElementLocation.java:162)
	at org.openqa.selenium.remote.ElementLocation.findElement(ElementLocation.java:60)
	at org.openqa.selenium.remote.RemoteWebDriver.findElement(RemoteWebDriver.java:383)
	at org.openqa.selenium.remote.RemoteWebDriver.findElement(RemoteWebDriver.java:375)
	at org.openqa.selenium.support.pagefactory.DefaultElementLocator.findElement(DefaultElementLocator.java:70)
	at org.openqa.selenium.support.pagefactory.internal.LocatingElementHandler.invoke(LocatingElementHandler.java:39)
	at com.sun.proxy.$Proxy19.sendKeys(Unknown Source)
	at base.CommonAPI.typeInto(CommonAPI.java:193)
	at CreditCards.DoubleCashCreditCard.sendName(DoubleCashCreditCard.java:97)
	at test.TestCreditCards.TestDoubleCashCreditCard(TestCreditCards.java:148)
	at java.base/java.util.ArrayList.forEach(ArrayList.java:1541)
	at com.intellij.rt.testng.IDEARemoteTestNG.run(IDEARemoteTestNG.java:66)
	at com.intellij.rt.testng.RemoteTestNGStarter.main(RemoteTestNGStarter.java:109)
... Removed 28 stack frames</pre></div><a href='#' onClick='toggleBox("stack-trace1985569416", this, "Click to show all stack frames", "Click to hide stack frames")'>Click to show all stack frames</a>
<div class='stack-trace' id='stack-trace1985569416'><pre>org.openqa.selenium.NoSuchElementException: no such element: Unable to locate element: {&quot;method&quot;:&quot;xpath&quot;,&quot;selector&quot;:&quot;//*[@id=&apos;cds-input-6&apos;]&quot;}
  (Session info: chrome=96.0.4664.45)
For documentation on this error, please visit: https://selenium.dev/exceptions/#no_such_element
Build info: version: &apos;4.0.0&apos;, revision: &apos;3a21814679&apos;
System info: host: &apos;DESKTOP-7LQLMGE&apos;, ip: &apos;192.168.1.184&apos;, os.name: &apos;Windows 10&apos;, os.arch: &apos;amd64&apos;, os.version: &apos;10.0&apos;, java.version: &apos;11.0.11&apos;
Driver info: org.openqa.selenium.chrome.ChromeDriver
Command: [d875cd1b3d9a4034ce66c8814ce5ab10, findElement {using=xpath, value=//*[@id=&apos;cds-input-6&apos;]}]
Capabilities {acceptInsecureCerts: false, browserName: chrome, browserVersion: 96.0.4664.45, chrome: {chromedriverVersion: 95.0.4638.54 (d31a821ec901f..., userDataDir: C:\Users\nassi\AppData\Loca...}, goog:chromeOptions: {debuggerAddress: localhost:51228}, javascriptEnabled: true, networkConnectionEnabled: false, pageLoadStrategy: normal, platform: WINDOWS, platformName: WINDOWS, proxy: Proxy(), se:cdp: ws://localhost:51228/devtoo..., se:cdpVersion: 96.0.4664.45, setWindowRect: true, strictFileInteractability: false, timeouts: {implicit: 0, pageLoad: 300000, script: 30000}, unhandledPromptBehavior: dismiss and notify, webauthn:extension:credBlob: true, webauthn:extension:largeBlob: true, webauthn:virtualAuthenticators: true}
Session ID: d875cd1b3d9a4034ce66c8814ce5ab10
	at java.base/jdk.internal.reflect.NativeConstructorAccessorImpl.newInstance0(Native Method)
	at java.base/jdk.internal.reflect.NativeConstructorAccessorImpl.newInstance(NativeConstructorAccessorImpl.java:62)
	at java.base/jdk.internal.reflect.DelegatingConstructorAccessorImpl.newInstance(DelegatingConstructorAccessorImpl.java:45)
	at java.base/java.lang.reflect.Constructor.newInstance(Constructor.java:490)
	at org.openqa.selenium.remote.codec.w3c.W3CHttpResponseCodec.createException(W3CHttpResponseCodec.java:200)
	at org.openqa.selenium.remote.codec.w3c.W3CHttpResponseCodec.decode(W3CHttpResponseCodec.java:133)
	at org.openqa.selenium.remote.codec.w3c.W3CHttpResponseCodec.decode(W3CHttpResponseCodec.java:53)
	at org.openqa.selenium.remote.HttpCommandExecutor.execute(HttpCommandExecutor.java:184)
	at org.openqa.selenium.remote.service.DriverCommandExecutor.invokeExecute(DriverCommandExecutor.java:164)
	at org.openqa.selenium.remote.service.DriverCommandExecutor.execute(DriverCommandExecutor.java:139)
	at org.openqa.selenium.remote.RemoteWebDriver.execute(RemoteWebDriver.java:559)
	at org.openqa.selenium.remote.ElementLocation$ElementFinder$2.findElement(ElementLocation.java:162)
	at org.openqa.selenium.remote.ElementLocation.findElement(ElementLocation.java:60)
	at org.openqa.selenium.remote.RemoteWebDriver.findElement(RemoteWebDriver.java:383)
	at org.openqa.selenium.remote.RemoteWebDriver.findElement(RemoteWebDriver.java:375)
	at org.openqa.selenium.support.pagefactory.DefaultElementLocator.findElement(DefaultElementLocator.java:70)
	at org.openqa.selenium.support.pagefactory.internal.LocatingElementHandler.invoke(LocatingElementHandler.java:39)
	at com.sun.proxy.$Proxy19.sendKeys(Unknown Source)
	at base.CommonAPI.typeInto(CommonAPI.java:193)
	at CreditCards.DoubleCashCreditCard.sendName(DoubleCashCreditCard.java:97)
	at test.TestCreditCards.TestDoubleCashCreditCard(TestCreditCards.java:148)
	at java.base/jdk.internal.reflect.NativeMethodAccessorImpl.invoke0(Native Method)
	at java.base/jdk.internal.reflect.NativeMethodAccessorImpl.invoke(NativeMethodAccessorImpl.java:62)
	at java.base/jdk.internal.reflect.DelegatingMethodAccessorImpl.invoke(DelegatingMethodAccessorImpl.java:43)
	at java.base/java.lang.reflect.Method.invoke(Method.java:566)
	at org.testng.internal.MethodInvocationHelper.invokeMethod(MethodInvocationHelper.java:133)
	at org.testng.internal.TestInvoker.invokeMethod(TestInvoker.java:598)
	at org.testng.internal.TestInvoker.invokeTestMethod(TestInvoker.java:173)
	at org.testng.internal.MethodRunner.runInSequence(MethodRunner.java:46)
	at org.testng.internal.TestInvoker$MethodInvocationAgent.invoke(TestInvoker.java:824)
	at org.testng.internal.TestInvoker.invokeTestMethods(TestInvoker.java:146)
	at org.testng.internal.TestMethodWorker.invokeTestMethods(TestMethodWorker.java:146)
	at org.testng.internal.TestMethodWorker.run(TestMethodWorker.java:128)
	at java.base/java.util.ArrayList.forEach(ArrayList.java:1541)
	at org.testng.TestRunner.privateRun(TestRunner.java:794)
	at org.testng.TestRunner.run(TestRunner.java:596)
	at org.testng.SuiteRunner.runTest(SuiteRunner.java:377)
	at org.testng.SuiteRunner.runSequentially(SuiteRunner.java:371)
	at org.testng.SuiteRunner.privateRun(SuiteRunner.java:332)
	at org.testng.SuiteRunner.run(SuiteRunner.java:276)
	at org.testng.SuiteRunnerWorker.runSuite(SuiteRunnerWorker.java:53)
	at org.testng.SuiteRunnerWorker.run(SuiteRunnerWorker.java:96)
	at org.testng.TestNG.runSuitesSequentially(TestNG.java:1212)
	at org.testng.TestNG.runSuitesLocally(TestNG.java:1134)
	at org.testng.TestNG.runSuites(TestNG.java:1063)
	at org.testng.TestNG.run(TestNG.java:1031)
	at com.intellij.rt.testng.IDEARemoteTestNG.run(IDEARemoteTestNG.java:66)
	at com.intellij.rt.testng.RemoteTestNGStarter.main(RemoteTestNGStarter.java:109)
</pre></div></td>
<td>28</td>
<td>test.TestCreditCards@6f27a732</td></tr>
<tr>
<td title='test.TestAAdvantageExecutiveWorldElite.TestCitiRewardsCreditCard()'><b>TestCitiRewardsCreditCard</b><br>Test class: test.TestAAdvantageExecutiveWorldElite</td>
<td><div><pre>org.openqa.selenium.NoSuchElementException: no such element: Unable to locate element: {&quot;method&quot;:&quot;xpath&quot;,&quot;selector&quot;:&quot;//*[@id=&apos;cds-input-6&apos;]&quot;}
  (Session info: chrome=96.0.4664.45)
For documentation on this error, please visit: https://selenium.dev/exceptions/#no_such_element
Build info: version: &apos;4.0.0&apos;, revision: &apos;3a21814679&apos;
System info: host: &apos;DESKTOP-7LQLMGE&apos;, ip: &apos;192.168.1.184&apos;, os.name: &apos;Windows 10&apos;, os.arch: &apos;amd64&apos;, os.version: &apos;10.0&apos;, java.version: &apos;11.0.11&apos;
Driver info: org.openqa.selenium.chrome.ChromeDriver
Command: [64257fb3ef29973ee3b03700e307055d, findElement {using=xpath, value=//*[@id=&apos;cds-input-6&apos;]}]
Capabilities {acceptInsecureCerts: false, browserName: chrome, browserVersion: 96.0.4664.45, chrome: {chromedriverVersion: 95.0.4638.54 (d31a821ec901f..., userDataDir: C:\Users\nassi\AppData\Loca...}, goog:chromeOptions: {debuggerAddress: localhost:64730}, javascriptEnabled: true, networkConnectionEnabled: false, pageLoadStrategy: normal, platform: WINDOWS, platformName: WINDOWS, proxy: Proxy(), se:cdp: ws://localhost:64730/devtoo..., se:cdpVersion: 96.0.4664.45, setWindowRect: true, strictFileInteractability: false, timeouts: {implicit: 0, pageLoad: 300000, script: 30000}, unhandledPromptBehavior: dismiss and notify, webauthn:extension:credBlob: true, webauthn:extension:largeBlob: true, webauthn:virtualAuthenticators: true}
Session ID: 64257fb3ef29973ee3b03700e307055d
	at org.openqa.selenium.remote.codec.w3c.W3CHttpResponseCodec.createException(W3CHttpResponseCodec.java:200)
	at org.openqa.selenium.remote.codec.w3c.W3CHttpResponseCodec.decode(W3CHttpResponseCodec.java:133)
	at org.openqa.selenium.remote.codec.w3c.W3CHttpResponseCodec.decode(W3CHttpResponseCodec.java:53)
	at org.openqa.selenium.remote.HttpCommandExecutor.execute(HttpCommandExecutor.java:184)
	at org.openqa.selenium.remote.service.DriverCommandExecutor.invokeExecute(DriverCommandExecutor.java:164)
	at org.openqa.selenium.remote.service.DriverCommandExecutor.execute(DriverCommandExecutor.java:139)
	at org.openqa.selenium.remote.RemoteWebDriver.execute(RemoteWebDriver.java:559)
	at org.openqa.selenium.remote.ElementLocation$ElementFinder$2.findElement(ElementLocation.java:162)
	at org.openqa.selenium.remote.ElementLocation.findElement(ElementLocation.java:60)
	at org.openqa.selenium.remote.RemoteWebDriver.findElement(RemoteWebDriver.java:383)
	at org.openqa.selenium.remote.RemoteWebDriver.findElement(RemoteWebDriver.java:375)
	at org.openqa.selenium.support.pagefactory.DefaultElementLocator.findElement(DefaultElementLocator.java:70)
	at org.openqa.selenium.support.pagefactory.internal.LocatingElementHandler.invoke(LocatingElementHandler.java:39)
	at com.sun.proxy.$Proxy19.sendKeys(Unknown Source)
	at base.CommonAPI.typeInto(CommonAPI.java:193)
	at CreditCards.CitiRewardsCreditCard.sendName(CitiRewardsCreditCard.java:97)
	at test.TestAAdvantageExecutiveWorldElite.TestCitiRewardsCreditCard(TestAAdvantageExecutiveWorldElite.java:160)
	at java.base/java.util.ArrayList.forEach(ArrayList.java:1541)
	at com.intellij.rt.testng.IDEARemoteTestNG.run(IDEARemoteTestNG.java:66)
	at com.intellij.rt.testng.RemoteTestNGStarter.main(RemoteTestNGStarter.java:109)
... Removed 28 stack frames</pre></div><a href='#' onClick='toggleBox("stack-trace1656318404", this, "Click to show all stack frames", "Click to hide stack frames")'>Click to show all stack frames</a>
<div class='stack-trace' id='stack-trace1656318404'><pre>org.openqa.selenium.NoSuchElementException: no such element: Unable to locate element: {&quot;method&quot;:&quot;xpath&quot;,&quot;selector&quot;:&quot;//*[@id=&apos;cds-input-6&apos;]&quot;}
  (Session info: chrome=96.0.4664.45)
For documentation on this error, please visit: https://selenium.dev/exceptions/#no_such_element
Build info: version: &apos;4.0.0&apos;, revision: &apos;3a21814679&apos;
System info: host: &apos;DESKTOP-7LQLMGE&apos;, ip: &apos;192.168.1.184&apos;, os.name: &apos;Windows 10&apos;, os.arch: &apos;amd64&apos;, os.version: &apos;10.0&apos;, java.version: &apos;11.0.11&apos;
Driver info: org.openqa.selenium.chrome.ChromeDriver
Command: [64257fb3ef29973ee3b03700e307055d, findElement {using=xpath, value=//*[@id=&apos;cds-input-6&apos;]}]
Capabilities {acceptInsecureCerts: false, browserName: chrome, browserVersion: 96.0.4664.45, chrome: {chromedriverVersion: 95.0.4638.54 (d31a821ec901f..., userDataDir: C:\Users\nassi\AppData\Loca...}, goog:chromeOptions: {debuggerAddress: localhost:64730}, javascriptEnabled: true, networkConnectionEnabled: false, pageLoadStrategy: normal, platform: WINDOWS, platformName: WINDOWS, proxy: Proxy(), se:cdp: ws://localhost:64730/devtoo..., se:cdpVersion: 96.0.4664.45, setWindowRect: true, strictFileInteractability: false, timeouts: {implicit: 0, pageLoad: 300000, script: 30000}, unhandledPromptBehavior: dismiss and notify, webauthn:extension:credBlob: true, webauthn:extension:largeBlob: true, webauthn:virtualAuthenticators: true}
Session ID: 64257fb3ef29973ee3b03700e307055d
	at java.base/jdk.internal.reflect.NativeConstructorAccessorImpl.newInstance0(Native Method)
	at java.base/jdk.internal.reflect.NativeConstructorAccessorImpl.newInstance(NativeConstructorAccessorImpl.java:62)
	at java.base/jdk.internal.reflect.DelegatingConstructorAccessorImpl.newInstance(DelegatingConstructorAccessorImpl.java:45)
	at java.base/java.lang.reflect.Constructor.newInstance(Constructor.java:490)
	at org.openqa.selenium.remote.codec.w3c.W3CHttpResponseCodec.createException(W3CHttpResponseCodec.java:200)
	at org.openqa.selenium.remote.codec.w3c.W3CHttpResponseCodec.decode(W3CHttpResponseCodec.java:133)
	at org.openqa.selenium.remote.codec.w3c.W3CHttpResponseCodec.decode(W3CHttpResponseCodec.java:53)
	at org.openqa.selenium.remote.HttpCommandExecutor.execute(HttpCommandExecutor.java:184)
	at org.openqa.selenium.remote.service.DriverCommandExecutor.invokeExecute(DriverCommandExecutor.java:164)
	at org.openqa.selenium.remote.service.DriverCommandExecutor.execute(DriverCommandExecutor.java:139)
	at org.openqa.selenium.remote.RemoteWebDriver.execute(RemoteWebDriver.java:559)
	at org.openqa.selenium.remote.ElementLocation$ElementFinder$2.findElement(ElementLocation.java:162)
	at org.openqa.selenium.remote.ElementLocation.findElement(ElementLocation.java:60)
	at org.openqa.selenium.remote.RemoteWebDriver.findElement(RemoteWebDriver.java:383)
	at org.openqa.selenium.remote.RemoteWebDriver.findElement(RemoteWebDriver.java:375)
	at org.openqa.selenium.support.pagefactory.DefaultElementLocator.findElement(DefaultElementLocator.java:70)
	at org.openqa.selenium.support.pagefactory.internal.LocatingElementHandler.invoke(LocatingElementHandler.java:39)
	at com.sun.proxy.$Proxy19.sendKeys(Unknown Source)
	at base.CommonAPI.typeInto(CommonAPI.java:193)
	at CreditCards.CitiRewardsCreditCard.sendName(CitiRewardsCreditCard.java:97)
	at test.TestAAdvantageExecutiveWorldElite.TestCitiRewardsCreditCard(TestAAdvantageExecutiveWorldElite.java:160)
	at java.base/jdk.internal.reflect.NativeMethodAccessorImpl.invoke0(Native Method)
	at java.base/jdk.internal.reflect.NativeMethodAccessorImpl.invoke(NativeMethodAccessorImpl.java:62)
	at java.base/jdk.internal.reflect.DelegatingMethodAccessorImpl.invoke(DelegatingMethodAccessorImpl.java:43)
	at java.base/java.lang.reflect.Method.invoke(Method.java:566)
	at org.testng.internal.MethodInvocationHelper.invokeMethod(MethodInvocationHelper.java:133)
	at org.testng.internal.TestInvoker.invokeMethod(TestInvoker.java:598)
	at org.testng.internal.TestInvoker.invokeTestMethod(TestInvoker.java:173)
	at org.testng.internal.MethodRunner.runInSequence(MethodRunner.java:46)
	at org.testng.internal.TestInvoker$MethodInvocationAgent.invoke(TestInvoker.java:824)
	at org.testng.internal.TestInvoker.invokeTestMethods(TestInvoker.java:146)
	at org.testng.internal.TestMethodWorker.invokeTestMethods(TestMethodWorker.java:146)
	at org.testng.internal.TestMethodWorker.run(TestMethodWorker.java:128)
	at java.base/java.util.ArrayList.forEach(ArrayList.java:1541)
	at org.testng.TestRunner.privateRun(TestRunner.java:794)
	at org.testng.TestRunner.run(TestRunner.java:596)
	at org.testng.SuiteRunner.runTest(SuiteRunner.java:377)
	at org.testng.SuiteRunner.runSequentially(SuiteRunner.java:371)
	at org.testng.SuiteRunner.privateRun(SuiteRunner.java:332)
	at org.testng.SuiteRunner.run(SuiteRunner.java:276)
	at org.testng.SuiteRunnerWorker.runSuite(SuiteRunnerWorker.java:53)
	at org.testng.SuiteRunnerWorker.run(SuiteRunnerWorker.java:96)
	at org.testng.TestNG.runSuitesSequentially(TestNG.java:1212)
	at org.testng.TestNG.runSuitesLocally(TestNG.java:1134)
	at org.testng.TestNG.runSuites(TestNG.java:1063)
	at org.testng.TestNG.run(TestNG.java:1031)
	at com.intellij.rt.testng.IDEARemoteTestNG.run(IDEARemoteTestNG.java:66)
	at com.intellij.rt.testng.RemoteTestNGStarter.main(RemoteTestNGStarter.java:109)
</pre></div></td>
<td>26</td>
<td>test.TestAAdvantageExecutiveWorldElite@609db43b</td></tr>
</table><p>
<table width='100%' border='1' class='invocation-passed'>
<tr><td colspan='4' align='center'><b>PASSED TESTS</b></td></tr>
<tr><td><b>Test method</b></td>
<td width="30%"><b>Exception</b></td>
<td width="10%"><b>Time (seconds)</b></td>
<td><b>Instance</b></td>
</tr>
<tr>
<td title='test.TestAAdvantageExecutiveWorldElite.TestCostcoBusinessCreditCard()'><b>TestCostcoBusinessCreditCard</b><br>Test class: test.TestAAdvantageExecutiveWorldElite</td>
<td></td>
<td>11</td>
<td>test.TestAAdvantageExecutiveWorldElite@609db43b</td></tr>
<tr>
<td title='test.TestHomePage.test19()'><b>test19</b><br>Test class: test.TestHomePage</td>
<td></td>
<td>14</td>
<td>test.TestHomePage@f381794</td></tr>
<tr>
<td title='test.TestOpenAccount.newAccount()'><b>newAccount</b><br>Test class: test.TestOpenAccount</td>
<td></td>
<td>7</td>
<td>test.TestOpenAccount@2cdd0d4b</td></tr>
<tr>
<td title='test.TestHomePage.test8()'><b>test8</b><br>Test class: test.TestHomePage</td>
<td></td>
<td>0</td>
<td>test.TestHomePage@f381794</td></tr>
<tr>
<td title='test.TestSingon.recoverAccount()'><b>recoverAccount</b><br>Test class: test.TestSingon</td>
<td></td>
<td>5</td>
<td>test.TestSingon@61d6015a</td></tr>
<tr>
<td title='test.TestHomePage.test16()'><b>test16</b><br>Test class: test.TestHomePage</td>
<td></td>
<td>3</td>
<td>test.TestHomePage@f381794</td></tr>
<tr>
<td title='test.TestSingon.ActivatTheCard()'><b>ActivatTheCard</b><br>Test class: test.TestSingon</td>
<td></td>
<td>8</td>
<td>test.TestSingon@61d6015a</td></tr>
<tr>
<td title='test.TestHomePage.test20()'><b>test20</b><br>Test class: test.TestHomePage</td>
<td></td>
<td>10</td>
<td>test.TestHomePage@f381794</td></tr>
<tr>
<td title='test.TestHomePage.test14()'><b>test14</b><br>Test class: test.TestHomePage</td>
<td></td>
<td>10</td>
<td>test.TestHomePage@f381794</td></tr>
<tr>
<td title='test.TestHomePage.test15()'><b>test15</b><br>Test class: test.TestHomePage</td>
<td></td>
<td>6</td>
<td>test.TestHomePage@f381794</td></tr>
<tr>
<td title='test.TestHomePage.test1()'><b>test1</b><br>Test class: test.TestHomePage</td>
<td></td>
<td>18</td>
<td>test.TestHomePage@f381794</td></tr>
<tr>
<td title='test.TestHomePage.test2()'><b>test2</b><br>Test class: test.TestHomePage</td>
<td></td>
<td>3</td>
<td>test.TestHomePage@f381794</td></tr>
<tr>
<td title='test.TestSpecialOffer.offers()'><b>offers</b><br>Test class: test.TestSpecialOffer</td>
<td></td>
<td>5</td>
<td>test.TestSpecialOffer@2525ff7e</td></tr>
<tr>
<td title='test.TestHomePage.test9()'><b>test9</b><br>Test class: test.TestHomePage</td>
<td></td>
<td>0</td>
<td>test.TestHomePage@f381794</td></tr>
<tr>
<td title='test.TestAAdvantageExecutiveWorldElite.TestCustomerCash()'><b>TestCustomerCash</b><br>Test class: test.TestAAdvantageExecutiveWorldElite</td>
<td></td>
<td>13</td>
<td>test.TestAAdvantageExecutiveWorldElite@609db43b</td></tr>
<tr>
<td title='test.TestCreditCards.TestVisaCreditCard()'><b>TestVisaCreditCard</b><br>Test class: test.TestCreditCards</td>
<td></td>
<td>17</td>
<td>test.TestCreditCards@6f27a732</td></tr>
<tr>
<td title='test.TestAAdvantageExecutiveWorldElite.TestDiamondCreditCard()'><b>TestDiamondCreditCard</b><br>Test class: test.TestAAdvantageExecutiveWorldElite</td>
<td></td>
<td>32</td>
<td>test.TestAAdvantageExecutiveWorldElite@609db43b</td></tr>
<tr>
<td title='test.TestCreditCards.TestCitiRewardsCreditCard()'><b>TestCitiRewardsCreditCard</b><br>Test class: test.TestCreditCards</td>
<td></td>
<td>15</td>
<td>test.TestCreditCards@6f27a732</td></tr>
<tr>
<td title='test.TestHomePage.test13()'><b>test13</b><br>Test class: test.TestHomePage</td>
<td></td>
<td>11</td>
<td>test.TestHomePage@f381794</td></tr>
<tr>
<td title='test.TestHomePage.test17()'><b>test17</b><br>Test class: test.TestHomePage</td>
<td></td>
<td>4</td>
<td>test.TestHomePage@f381794</td></tr>
<tr>
<td title='test.TestSingon.signOninfo()'><b>signOninfo</b><br>Test class: test.TestSingon</td>
<td></td>
<td>1</td>
<td>test.TestSingon@61d6015a</td></tr>
<tr>
<td title='test.TestHomePage.test6()'><b>test6</b><br>Test class: test.TestHomePage</td>
<td></td>
<td>7</td>
<td>test.TestHomePage@f381794</td></tr>
<tr>
<td title='test.TestCreditCards.TestCostcoBusinessCreditCard()'><b>TestCostcoBusinessCreditCard</b><br>Test class: test.TestCreditCards</td>
<td></td>
<td>13</td>
<td>test.TestCreditCards@6f27a732</td></tr>
<tr>
<td title='test.TestHomePage.test7()'><b>test7</b><br>Test class: test.TestHomePage</td>
<td></td>
<td>12</td>
<td>test.TestHomePage@f381794</td></tr>
<tr>
<td title='test.TestAAdvantageExecutiveWorldElite.test()'><b>test</b><br>Test class: test.TestAAdvantageExecutiveWorldElite</td>
<td></td>
<td>14</td>
<td>test.TestAAdvantageExecutiveWorldElite@609db43b</td></tr>
<tr>
<td title='test.TestSingon.mobileSign()'><b>mobileSign</b><br>Test class: test.TestSingon</td>
<td></td>
<td>0</td>
<td>test.TestSingon@61d6015a</td></tr>
<tr>
<td title='test.TestCreditCards.TestCustomerCash()'><b>TestCustomerCash</b><br>Test class: test.TestCreditCards</td>
<td></td>
<td>29</td>
<td>test.TestCreditCards@6f27a732</td></tr>
<tr>
<td title='test.TestHomePage.test10()'><b>test10</b><br>Test class: test.TestHomePage</td>
<td></td>
<td>0</td>
<td>test.TestHomePage@f381794</td></tr>
<tr>
<td title='test.TestAAdvantageExecutiveWorldElite.TestCostcoVisaCreditCard()'><b>TestCostcoVisaCreditCard</b><br>Test class: test.TestAAdvantageExecutiveWorldElite</td>
<td></td>
<td>15</td>
<td>test.TestAAdvantageExecutiveWorldElite@609db43b</td></tr>
<tr>
<td title='test.TestHomePage.test18()'><b>test18</b><br>Test class: test.TestHomePage</td>
<td></td>
<td>11</td>
<td>test.TestHomePage@f381794</td></tr>
<tr>
<td title='test.TestHomePage.test4()'><b>test4</b><br>Test class: test.TestHomePage</td>
<td></td>
<td>15</td>
<td>test.TestHomePage@f381794</td></tr>
<tr>
<td title='test.TestHomePage.test5()'><b>test5</b><br>Test class: test.TestHomePage</td>
<td></td>
<td>9</td>
<td>test.TestHomePage@f381794</td></tr>
<tr>
<td title='test.TestHomePage.test12()'><b>test12</b><br>Test class: test.TestHomePage</td>
<td></td>
<td>5</td>
<td>test.TestHomePage@f381794</td></tr>
<tr>
<td title='test.TestAAdvantageExecutiveWorldElite.TestDoubleCashCreditCard()'><b>TestDoubleCashCreditCard</b><br>Test class: test.TestAAdvantageExecutiveWorldElite</td>
<td></td>
<td>31</td>
<td>test.TestAAdvantageExecutiveWorldElite@609db43b</td></tr>
<tr>
<td title='test.TestCreditCards.TestD_Card()'><b>TestD_Card</b><br>Test class: test.TestCreditCards</td>
<td></td>
<td>15</td>
<td>test.TestCreditCards@6f27a732</td></tr>
<tr>
<td title='test.TestRespondToMailOffer.respond()'><b>respond</b><br>Test class: test.TestRespondToMailOffer</td>
<td></td>
<td>8</td>
<td>test.TestRespondToMailOffer@2e1d27ba</td></tr>
<tr>
<td title='test.TestCreditCards.test()'><b>test</b><br>Test class: test.TestCreditCards</td>
<td></td>
<td>13</td>
<td>test.TestCreditCards@6f27a732</td></tr>
<tr>
<td title='test.TestHomePage.test11()'><b>test11</b><br>Test class: test.TestHomePage</td>
<td></td>
<td>7</td>
<td>test.TestHomePage@f381794</td></tr>
<tr>
<td title='test.TestHomePage.test3()'><b>test3</b><br>Test class: test.TestHomePage</td>
<td></td>
<td>0</td>
<td>test.TestHomePage@f381794</td></tr>
<tr>
<td title='test.TestGetHelp.getInfo()'><b>getInfo</b><br>Test class: test.TestGetHelp</td>
<td></td>
<td>9</td>
<td>test.TestGetHelp@6c779568</td></tr>
<tr>
<td title='test.TestQuickLink.knowleg()'><b>knowleg</b><br>Test class: test.TestQuickLink</td>
<td></td>
<td>5</td>
<td>test.TestQuickLink@7e9131d5</td></tr>
</table><p>
</body>
</html>