<?xml version="1.0" encoding="UTF-8"?>
<testsuite xmlns:xsi="http://www.w3.org/2001/XMLSchema-instance" xsi:noNamespaceSchemaLocation="https://maven.apache.org/surefire/maven-surefire-plugin/xsd/surefire-test-report.xsd" name="TestSuite" time="1.507" tests="215" errors="0" skipped="206" failures="9">
  <properties>
    <property name="sun.desktop" value="windows"/>
    <property name="awt.toolkit" value="sun.awt.windows.WToolkit"/>
    <property name="java.specification.version" value="11"/>
    <property name="sun.cpu.isalist" value="amd64"/>
    <property name="sun.jnu.encoding" value="Cp1252"/>
    <property name="java.class.path" value="C:\Users\nassi\IdeaProjects\FinalProject\CitiBank\target\test-classes;C:\Users\nassi\IdeaProjects\FinalProject\CitiBank\target\classes;C:\Users\nassi\IdeaProjects\FinalProject\Generic\target\classes;C:\Users\nassi\.m2\repository\org\apache\maven\maven-plugin-api\3.8.4\maven-plugin-api-3.8.4.jar;C:\Users\nassi\.m2\repository\org\apache\maven\maven-model\3.8.4\maven-model-3.8.4.jar;C:\Users\nassi\.m2\repository\org\apache\maven\maven-artifact\3.8.4\maven-artifact-3.8.4.jar;C:\Users\nassi\.m2\repository\org\eclipse\sisu\org.eclipse.sisu.plexus\0.3.5\org.eclipse.sisu.plexus-0.3.5.jar;C:\Users\nassi\.m2\repository\javax\annotation\javax.annotation-api\1.2\javax.annotation-api-1.2.jar;C:\Users\nassi\.m2\repository\org\eclipse\sisu\org.eclipse.sisu.inject\0.3.5\org.eclipse.sisu.inject-0.3.5.jar;C:\Users\nassi\.m2\repository\org\codehaus\plexus\plexus-component-annotations\1.5.5\plexus-component-annotations-1.5.5.jar;C:\Users\nassi\.m2\repository\org\codehaus\plexus\plexus-utils\3.3.0\plexus-utils-3.3.0.jar;C:\Users\nassi\.m2\repository\org\codehaus\plexus\plexus-classworlds\2.6.0\plexus-classworlds-2.6.0.jar;C:\Users\nassi\.m2\repository\org\testng\testng\7.4.0\testng-7.4.0.jar;C:\Users\nassi\.m2\repository\com\beust\jcommander\1.78\jcommander-1.78.jar;C:\Users\nassi\.m2\repository\org\webjars\jquery\3.5.1\jquery-3.5.1.jar;C:\Users\nassi\.m2\repository\org\seleniumhq\selenium\selenium-server\4.0.0-alpha-2\selenium-server-4.0.0-alpha-2.jar;C:\Users\nassi\.m2\repository\org\seleniumhq\selenium\grid\4.0.0-alpha-2\grid-4.0.0-alpha-2.jar;C:\Users\nassi\.m2\repository\org\seleniumhq\selenium\selenium-edgehtml-driver\4.0.0-alpha-2\selenium-edgehtml-driver-4.0.0-alpha-2.jar;C:\Users\nassi\.m2\repository\org\seleniumhq\selenium\jetty-repacked\9.4.12.v20180830.1\jetty-repacked-9.4.12.v20180830.1.jar;C:\Users\nassi\.m2\repository\javax\servlet\javax.servlet-api\3.1.0\javax.servlet-api-3.1.0.jar;C:\Users\nassi\.m2\repository\org\slf4j\slf4j-api\1.7.25\slf4j-api-1.7.25.jar;C:\Users\nassi\.m2\repository\org\zeromq\jeromq\0.5.1\jeromq-0.5.1.jar;C:\Users\nassi\.m2\repository\eu\neilalexander\jnacl\1.0.0\jnacl-1.0.0.jar;C:\Users\nassi\.m2\repository\net\jcip\jcip-annotations\1.0\jcip-annotations-1.0.jar;C:\Users\nassi\.m2\repository\org\yaml\snakeyaml\1.24\snakeyaml-1.24.jar;C:\Users\nassi\.m2\repository\org\seleniumhq\selenium\selenium-java\4.0.0\selenium-java-4.0.0.jar;C:\Users\nassi\.m2\repository\org\seleniumhq\selenium\selenium-api\4.0.0\selenium-api-4.0.0.jar;C:\Users\nassi\.m2\repository\org\seleniumhq\selenium\selenium-chrome-driver\4.0.0\selenium-chrome-driver-4.0.0.jar;C:\Users\nassi\.m2\repository\com\google\auto\service\auto-service-annotations\1.0\auto-service-annotations-1.0.jar;C:\Users\nassi\.m2\repository\com\google\auto\service\auto-service\1.0\auto-service-1.0.jar;C:\Users\nassi\.m2\repository\com\google\auto\auto-common\1.0\auto-common-1.0.jar;C:\Users\nassi\.m2\repository\com\google\guava\guava\31.0.1-jre\guava-31.0.1-jre.jar;C:\Users\nassi\.m2\repository\com\google\guava\failureaccess\1.0.1\failureaccess-1.0.1.jar;C:\Users\nassi\.m2\repository\com\google\guava\listenablefuture\9999.0-empty-to-avoid-conflict-with-guava\listenablefuture-9999.0-empty-to-avoid-conflict-with-guava.jar;C:\Users\nassi\.m2\repository\com\google\code\findbugs\jsr305\3.0.2\jsr305-3.0.2.jar;C:\Users\nassi\.m2\repository\org\checkerframework\checker-qual\3.12.0\checker-qual-3.12.0.jar;C:\Users\nassi\.m2\repository\com\google\errorprone\error_prone_annotations\2.7.1\error_prone_annotations-2.7.1.jar;C:\Users\nassi\.m2\repository\com\google\j2objc\j2objc-annotations\1.3\j2objc-annotations-1.3.jar;C:\Users\nassi\.m2\repository\org\seleniumhq\selenium\selenium-chromium-driver\4.0.0\selenium-chromium-driver-4.0.0.jar;C:\Users\nassi\.m2\repository\org\seleniumhq\selenium\selenium-json\4.0.0\selenium-json-4.0.0.jar;C:\Users\nassi\.m2\repository\org\seleniumhq\selenium\selenium-devtools-v85\4.0.0\selenium-devtools-v85-4.0.0.jar;C:\Users\nassi\.m2\repository\org\seleniumhq\selenium\selenium-devtools-v93\4.0.0\selenium-devtools-v93-4.0.0.jar;C:\Users\nassi\.m2\repository\org\seleniumhq\selenium\selenium-devtools-v94\4.0.0\selenium-devtools-v94-4.0.0.jar;C:\Users\nassi\.m2\repository\org\seleniumhq\selenium\selenium-devtools-v95\4.0.0\selenium-devtools-v95-4.0.0.jar;C:\Users\nassi\.m2\repository\org\seleniumhq\selenium\selenium-edge-driver\4.0.0\selenium-edge-driver-4.0.0.jar;C:\Users\nassi\.m2\repository\org\seleniumhq\selenium\selenium-firefox-driver\4.0.0\selenium-firefox-driver-4.0.0.jar;C:\Users\nassi\.m2\repository\org\seleniumhq\selenium\selenium-firefox-xpi-driver\4.0.0\selenium-firefox-xpi-driver-4.0.0.jar;C:\Users\nassi\.m2\repository\org\seleniumhq\selenium\selenium-ie-driver\4.0.0\selenium-ie-driver-4.0.0.jar;C:\Users\nassi\.m2\repository\org\seleniumhq\selenium\selenium-opera-driver\4.0.0\selenium-opera-driver-4.0.0.jar;C:\Users\nassi\.m2\repository\org\seleniumhq\selenium\selenium-remote-driver\4.0.0\selenium-remote-driver-4.0.0.jar;C:\Users\nassi\.m2\repository\io\netty\netty-buffer\4.1.68.Final\netty-buffer-4.1.68.Final.jar;C:\Users\nassi\.m2\repository\io\netty\netty-codec-http\4.1.67.Final\netty-codec-http-4.1.67.Final.jar;C:\Users\nassi\.m2\repository\io\netty\netty-codec\4.1.67.Final\netty-codec-4.1.67.Final.jar;C:\Users\nassi\.m2\repository\io\netty\netty-handler\4.1.67.Final\netty-handler-4.1.67.Final.jar;C:\Users\nassi\.m2\repository\io\netty\netty-common\4.1.68.Final\netty-common-4.1.68.Final.jar;C:\Users\nassi\.m2\repository\io\netty\netty-transport-native-epoll\4.1.67.Final\netty-transport-native-epoll-4.1.67.Final.jar;C:\Users\nassi\.m2\repository\io\netty\netty-transport-native-kqueue\4.1.67.Final\netty-transport-native-kqueue-4.1.67.Final.jar;C:\Users\nassi\.m2\repository\io\netty\netty-transport-native-unix-common\4.1.67.Final\netty-transport-native-unix-common-4.1.67.Final.jar;C:\Users\nassi\.m2\repository\io\netty\netty-transport\4.1.68.Final\netty-transport-4.1.68.Final.jar;C:\Users\nassi\.m2\repository\io\netty\netty-resolver\4.1.68.Final\netty-resolver-4.1.68.Final.jar;C:\Users\nassi\.m2\repository\io\opentelemetry\opentelemetry-api\1.6.0\opentelemetry-api-1.6.0.jar;C:\Users\nassi\.m2\repository\io\opentelemetry\opentelemetry-context\1.6.0\opentelemetry-context-1.6.0.jar;C:\Users\nassi\.m2\repository\io\opentelemetry\opentelemetry-exporter-logging\1.6.0\opentelemetry-exporter-logging-1.6.0.jar;C:\Users\nassi\.m2\repository\io\opentelemetry\opentelemetry-sdk-metrics\1.6.0-alpha\opentelemetry-sdk-metrics-1.6.0-alpha.jar;C:\Users\nassi\.m2\repository\io\opentelemetry\opentelemetry-sdk-common\1.6.0\opentelemetry-sdk-common-1.6.0.jar;C:\Users\nassi\.m2\repository\io\opentelemetry\opentelemetry-sdk-extension-autoconfigure-spi\1.6.0\opentelemetry-sdk-extension-autoconfigure-spi-1.6.0.jar;C:\Users\nassi\.m2\repository\io\opentelemetry\opentelemetry-sdk-extension-autoconfigure\1.6.0-alpha\opentelemetry-sdk-extension-autoconfigure-1.6.0-alpha.jar;C:\Users\nassi\.m2\repository\io\opentelemetry\opentelemetry-sdk-trace\1.6.0\opentelemetry-sdk-trace-1.6.0.jar;C:\Users\nassi\.m2\repository\io\opentelemetry\opentelemetry-api-metrics\1.6.0-alpha\opentelemetry-api-metrics-1.6.0-alpha.jar;C:\Users\nassi\.m2\repository\io\opentelemetry\opentelemetry-sdk\1.6.0\opentelemetry-sdk-1.6.0.jar;C:\Users\nassi\.m2\repository\io\opentelemetry\opentelemetry-semconv\1.6.0-alpha\opentelemetry-semconv-1.6.0-alpha.jar;C:\Users\nassi\.m2\repository\io\ous\jtoml\2.0.0\jtoml-2.0.0.jar;C:\Users\nassi\.m2\repository\net\bytebuddy\byte-buddy\1.11.19\byte-buddy-1.11.19.jar;C:\Users\nassi\.m2\repository\org\apache\commons\commons-exec\1.3\commons-exec-1.3.jar;C:\Users\nassi\.m2\repository\org\asynchttpclient\async-http-client\2.12.3\async-http-client-2.12.3.jar;C:\Users\nassi\.m2\repository\org\asynchttpclient\async-http-client-netty-utils\2.12.3\async-http-client-netty-utils-2.12.3.jar;C:\Users\nassi\.m2\repository\io\netty\netty-codec-socks\4.1.60.Final\netty-codec-socks-4.1.60.Final.jar;C:\Users\nassi\.m2\repository\io\netty\netty-handler-proxy\4.1.60.Final\netty-handler-proxy-4.1.60.Final.jar;C:\Users\nassi\.m2\repository\io\netty\netty-transport-native-epoll\4.1.60.Final\netty-transport-native-epoll-4.1.60.Final-linux-x86_64.jar;C:\Users\nassi\.m2\repository\io\netty\netty-transport-native-kqueue\4.1.60.Final\netty-transport-native-kqueue-4.1.60.Final-osx-x86_64.jar;C:\Users\nassi\.m2\repository\org\reactivestreams\reactive-streams\1.0.3\reactive-streams-1.0.3.jar;C:\Users\nassi\.m2\repository\com\typesafe\netty\netty-reactive-streams\2.0.4\netty-reactive-streams-2.0.4.jar;C:\Users\nassi\.m2\repository\com\sun\activation\jakarta.activation\1.2.2\jakarta.activation-1.2.2.jar;C:\Users\nassi\.m2\repository\org\seleniumhq\selenium\selenium-http\4.0.0\selenium-http-4.0.0.jar;C:\Users\nassi\.m2\repository\org\seleniumhq\selenium\selenium-safari-driver\4.0.0\selenium-safari-driver-4.0.0.jar;C:\Users\nassi\.m2\repository\org\seleniumhq\selenium\selenium-support\4.0.0\selenium-support-4.0.0.jar;C:\Users\nassi\.m2\repository\org\apache\poi\poi\3.17\poi-3.17.jar;C:\Users\nassi\.m2\repository\commons-codec\commons-codec\1.10\commons-codec-1.10.jar;C:\Users\nassi\.m2\repository\org\apache\commons\commons-collections4\4.1\commons-collections4-4.1.jar;C:\Users\nassi\.m2\repository\org\jsoup\jsoup\1.8.3\jsoup-1.8.3.jar;C:\Users\nassi\.m2\repository\commons-io\commons-io\2.5\commons-io-2.5.jar;C:\Users\nassi\.m2\repository\com\aventstack\extentreports\3.1.5\extentreports-3.1.5.jar;C:\Users\nassi\.m2\repository\org\freemarker\freemarker\2.3.23\freemarker-2.3.23.jar;C:\Users\nassi\.m2\repository\org\mongodb\mongodb-driver\3.3.0\mongodb-driver-3.3.0.jar;C:\Users\nassi\.m2\repository\org\mongodb\bson\3.3.0\bson-3.3.0.jar;C:\Users\nassi\.m2\repository\org\mongodb\mongodb-driver-core\3.3.0\mongodb-driver-core-3.3.0.jar;C:\Users\nassi\.m2\repository\org\apache\httpcomponents\httpclient\4.5.2\httpclient-4.5.2.jar;C:\Users\nassi\.m2\repository\org\apache\httpcomponents\httpcore\4.4.4\httpcore-4.4.4.jar;C:\Users\nassi\.m2\repository\commons-logging\commons-logging\1.2\commons-logging-1.2.jar;C:\Users\nassi\.m2\repository\org\apache\httpcomponents\httpmime\4.5.2\httpmime-4.5.2.jar;C:\Users\nassi\.m2\repository\com\google\code\gson\gson\2.8.0\gson-2.8.0.jar;C:\Users\nassi\.m2\repository\com\relevantcodes\extentreports\2.41.2\extentreports-2.41.2.jar;C:\Users\nassi\.m2\repository\org\xerial\sqlite-jdbc\3.8.11.1\sqlite-jdbc-3.8.11.1.jar;C:\Users\nassi\.m2\repository\org\apache\commons\commons-lang3\3.7\commons-lang3-3.7.jar;C:\Users\nassi\.m2\repository\io\rest-assured\rest-assured\4.4.0\rest-assured-4.4.0.jar;C:\Users\nassi\.m2\repository\org\codehaus\groovy\groovy\3.0.8\groovy-3.0.8.jar;C:\Users\nassi\.m2\repository\org\codehaus\groovy\groovy-xml\3.0.8\groovy-xml-3.0.8.jar;C:\Users\nassi\.m2\repository\org\hamcrest\hamcrest\2.1\hamcrest-2.1.jar;C:\Users\nassi\.m2\repository\org\ccil\cowan\tagsoup\tagsoup\1.2.1\tagsoup-1.2.1.jar;C:\Users\nassi\.m2\repository\io\rest-assured\json-path\4.4.0\json-path-4.4.0.jar;C:\Users\nassi\.m2\repository\org\codehaus\groovy\groovy-json\3.0.8\groovy-json-3.0.8.jar;C:\Users\nassi\.m2\repository\io\rest-assured\rest-assured-common\4.4.0\rest-assured-common-4.4.0.jar;C:\Users\nassi\.m2\repository\io\rest-assured\xml-path\4.4.0\xml-path-4.4.0.jar;C:\Users\nassi\.m2\repository\jakarta\xml\bind\jakarta.xml.bind-api\2.3.3\jakarta.xml.bind-api-2.3.3.jar;C:\Users\nassi\.m2\repository\jakarta\activation\jakarta.activation-api\1.2.2\jakarta.activation-api-1.2.2.jar;C:\Users\nassi\.m2\repository\com\sun\xml\bind\jaxb-impl\2.3.3\jaxb-impl-2.3.3.jar;"/>
    <property name="java.vm.vendor" value="Azul Systems, Inc."/>
    <property name="sun.arch.data.model" value="64"/>
    <property name="user.variant" value=""/>
    <property name="java.vendor.url" value="http://www.azulsystems.com/"/>
    <property name="user.timezone" value="America/New_York"/>
    <property name="java.vm.specification.version" value="11"/>
    <property name="os.name" value="Windows 10"/>
    <property name="sun.java.launcher" value="SUN_STANDARD"/>
    <property name="user.country" value="US"/>
    <property name="sun.boot.library.path" value="C:\Program Files\Zulu\zulu-11\bin"/>
    <property name="sun.java.command" value="C:\Users\nassi\AppData\Local\Temp\surefire14328289498004699414\surefirebooter4890799366015243766.jar C:\Users\nassi\AppData\Local\Temp\surefire14328289498004699414 2021-11-26T22-36-20_650-jvmRun1 surefire39190739259243009tmp surefire_0107459409375990463tmp"/>
    <property name="jdk.debug" value="release"/>
    <property name="surefire.test.class.path" value="C:\Users\nassi\IdeaProjects\FinalProject\CitiBank\target\test-classes;C:\Users\nassi\IdeaProjects\FinalProject\CitiBank\target\classes;C:\Users\nassi\IdeaProjects\FinalProject\Generic\target\classes;C:\Users\nassi\.m2\repository\org\apache\maven\maven-plugin-api\3.8.4\maven-plugin-api-3.8.4.jar;C:\Users\nassi\.m2\repository\org\apache\maven\maven-model\3.8.4\maven-model-3.8.4.jar;C:\Users\nassi\.m2\repository\org\apache\maven\maven-artifact\3.8.4\maven-artifact-3.8.4.jar;C:\Users\nassi\.m2\repository\org\eclipse\sisu\org.eclipse.sisu.plexus\0.3.5\org.eclipse.sisu.plexus-0.3.5.jar;C:\Users\nassi\.m2\repository\javax\annotation\javax.annotation-api\1.2\javax.annotation-api-1.2.jar;C:\Users\nassi\.m2\repository\org\eclipse\sisu\org.eclipse.sisu.inject\0.3.5\org.eclipse.sisu.inject-0.3.5.jar;C:\Users\nassi\.m2\repository\org\codehaus\plexus\plexus-component-annotations\1.5.5\plexus-component-annotations-1.5.5.jar;C:\Users\nassi\.m2\repository\org\codehaus\plexus\plexus-utils\3.3.0\plexus-utils-3.3.0.jar;C:\Users\nassi\.m2\repository\org\codehaus\plexus\plexus-classworlds\2.6.0\plexus-classworlds-2.6.0.jar;C:\Users\nassi\.m2\repository\org\testng\testng\7.4.0\testng-7.4.0.jar;C:\Users\nassi\.m2\repository\com\beust\jcommander\1.78\jcommander-1.78.jar;C:\Users\nassi\.m2\repository\org\webjars\jquery\3.5.1\jquery-3.5.1.jar;C:\Users\nassi\.m2\repository\org\seleniumhq\selenium\selenium-server\4.0.0-alpha-2\selenium-server-4.0.0-alpha-2.jar;C:\Users\nassi\.m2\repository\org\seleniumhq\selenium\grid\4.0.0-alpha-2\grid-4.0.0-alpha-2.jar;C:\Users\nassi\.m2\repository\org\seleniumhq\selenium\selenium-edgehtml-driver\4.0.0-alpha-2\selenium-edgehtml-driver-4.0.0-alpha-2.jar;C:\Users\nassi\.m2\repository\org\seleniumhq\selenium\jetty-repacked\9.4.12.v20180830.1\jetty-repacked-9.4.12.v20180830.1.jar;C:\Users\nassi\.m2\repository\javax\servlet\javax.servlet-api\3.1.0\javax.servlet-api-3.1.0.jar;C:\Users\nassi\.m2\repository\org\slf4j\slf4j-api\1.7.25\slf4j-api-1.7.25.jar;C:\Users\nassi\.m2\repository\org\zeromq\jeromq\0.5.1\jeromq-0.5.1.jar;C:\Users\nassi\.m2\repository\eu\neilalexander\jnacl\1.0.0\jnacl-1.0.0.jar;C:\Users\nassi\.m2\repository\net\jcip\jcip-annotations\1.0\jcip-annotations-1.0.jar;C:\Users\nassi\.m2\repository\org\yaml\snakeyaml\1.24\snakeyaml-1.24.jar;C:\Users\nassi\.m2\repository\org\seleniumhq\selenium\selenium-java\4.0.0\selenium-java-4.0.0.jar;C:\Users\nassi\.m2\repository\org\seleniumhq\selenium\selenium-api\4.0.0\selenium-api-4.0.0.jar;C:\Users\nassi\.m2\repository\org\seleniumhq\selenium\selenium-chrome-driver\4.0.0\selenium-chrome-driver-4.0.0.jar;C:\Users\nassi\.m2\repository\com\google\auto\service\auto-service-annotations\1.0\auto-service-annotations-1.0.jar;C:\Users\nassi\.m2\repository\com\google\auto\service\auto-service\1.0\auto-service-1.0.jar;C:\Users\nassi\.m2\repository\com\google\auto\auto-common\1.0\auto-common-1.0.jar;C:\Users\nassi\.m2\repository\com\google\guava\guava\31.0.1-jre\guava-31.0.1-jre.jar;C:\Users\nassi\.m2\repository\com\google\guava\failureaccess\1.0.1\failureaccess-1.0.1.jar;C:\Users\nassi\.m2\repository\com\google\guava\listenablefuture\9999.0-empty-to-avoid-conflict-with-guava\listenablefuture-9999.0-empty-to-avoid-conflict-with-guava.jar;C:\Users\nassi\.m2\repository\com\google\code\findbugs\jsr305\3.0.2\jsr305-3.0.2.jar;C:\Users\nassi\.m2\repository\org\checkerframework\checker-qual\3.12.0\checker-qual-3.12.0.jar;C:\Users\nassi\.m2\repository\com\google\errorprone\error_prone_annotations\2.7.1\error_prone_annotations-2.7.1.jar;C:\Users\nassi\.m2\repository\com\google\j2objc\j2objc-annotations\1.3\j2objc-annotations-1.3.jar;C:\Users\nassi\.m2\repository\org\seleniumhq\selenium\selenium-chromium-driver\4.0.0\selenium-chromium-driver-4.0.0.jar;C:\Users\nassi\.m2\repository\org\seleniumhq\selenium\selenium-json\4.0.0\selenium-json-4.0.0.jar;C:\Users\nassi\.m2\repository\org\seleniumhq\selenium\selenium-devtools-v85\4.0.0\selenium-devtools-v85-4.0.0.jar;C:\Users\nassi\.m2\repository\org\seleniumhq\selenium\selenium-devtools-v93\4.0.0\selenium-devtools-v93-4.0.0.jar;C:\Users\nassi\.m2\repository\org\seleniumhq\selenium\selenium-devtools-v94\4.0.0\selenium-devtools-v94-4.0.0.jar;C:\Users\nassi\.m2\repository\org\seleniumhq\selenium\selenium-devtools-v95\4.0.0\selenium-devtools-v95-4.0.0.jar;C:\Users\nassi\.m2\repository\org\seleniumhq\selenium\selenium-edge-driver\4.0.0\selenium-edge-driver-4.0.0.jar;C:\Users\nassi\.m2\repository\org\seleniumhq\selenium\selenium-firefox-driver\4.0.0\selenium-firefox-driver-4.0.0.jar;C:\Users\nassi\.m2\repository\org\seleniumhq\selenium\selenium-firefox-xpi-driver\4.0.0\selenium-firefox-xpi-driver-4.0.0.jar;C:\Users\nassi\.m2\repository\org\seleniumhq\selenium\selenium-ie-driver\4.0.0\selenium-ie-driver-4.0.0.jar;C:\Users\nassi\.m2\repository\org\seleniumhq\selenium\selenium-opera-driver\4.0.0\selenium-opera-driver-4.0.0.jar;C:\Users\nassi\.m2\repository\org\seleniumhq\selenium\selenium-remote-driver\4.0.0\selenium-remote-driver-4.0.0.jar;C:\Users\nassi\.m2\repository\io\netty\netty-buffer\4.1.68.Final\netty-buffer-4.1.68.Final.jar;C:\Users\nassi\.m2\repository\io\netty\netty-codec-http\4.1.67.Final\netty-codec-http-4.1.67.Final.jar;C:\Users\nassi\.m2\repository\io\netty\netty-codec\4.1.67.Final\netty-codec-4.1.67.Final.jar;C:\Users\nassi\.m2\repository\io\netty\netty-handler\4.1.67.Final\netty-handler-4.1.67.Final.jar;C:\Users\nassi\.m2\repository\io\netty\netty-common\4.1.68.Final\netty-common-4.1.68.Final.jar;C:\Users\nassi\.m2\repository\io\netty\netty-transport-native-epoll\4.1.67.Final\netty-transport-native-epoll-4.1.67.Final.jar;C:\Users\nassi\.m2\repository\io\netty\netty-transport-native-kqueue\4.1.67.Final\netty-transport-native-kqueue-4.1.67.Final.jar;C:\Users\nassi\.m2\repository\io\netty\netty-transport-native-unix-common\4.1.67.Final\netty-transport-native-unix-common-4.1.67.Final.jar;C:\Users\nassi\.m2\repository\io\netty\netty-transport\4.1.68.Final\netty-transport-4.1.68.Final.jar;C:\Users\nassi\.m2\repository\io\netty\netty-resolver\4.1.68.Final\netty-resolver-4.1.68.Final.jar;C:\Users\nassi\.m2\repository\io\opentelemetry\opentelemetry-api\1.6.0\opentelemetry-api-1.6.0.jar;C:\Users\nassi\.m2\repository\io\opentelemetry\opentelemetry-context\1.6.0\opentelemetry-context-1.6.0.jar;C:\Users\nassi\.m2\repository\io\opentelemetry\opentelemetry-exporter-logging\1.6.0\opentelemetry-exporter-logging-1.6.0.jar;C:\Users\nassi\.m2\repository\io\opentelemetry\opentelemetry-sdk-metrics\1.6.0-alpha\opentelemetry-sdk-metrics-1.6.0-alpha.jar;C:\Users\nassi\.m2\repository\io\opentelemetry\opentelemetry-sdk-common\1.6.0\opentelemetry-sdk-common-1.6.0.jar;C:\Users\nassi\.m2\repository\io\opentelemetry\opentelemetry-sdk-extension-autoconfigure-spi\1.6.0\opentelemetry-sdk-extension-autoconfigure-spi-1.6.0.jar;C:\Users\nassi\.m2\repository\io\opentelemetry\opentelemetry-sdk-extension-autoconfigure\1.6.0-alpha\opentelemetry-sdk-extension-autoconfigure-1.6.0-alpha.jar;C:\Users\nassi\.m2\repository\io\opentelemetry\opentelemetry-sdk-trace\1.6.0\opentelemetry-sdk-trace-1.6.0.jar;C:\Users\nassi\.m2\repository\io\opentelemetry\opentelemetry-api-metrics\1.6.0-alpha\opentelemetry-api-metrics-1.6.0-alpha.jar;C:\Users\nassi\.m2\repository\io\opentelemetry\opentelemetry-sdk\1.6.0\opentelemetry-sdk-1.6.0.jar;C:\Users\nassi\.m2\repository\io\opentelemetry\opentelemetry-semconv\1.6.0-alpha\opentelemetry-semconv-1.6.0-alpha.jar;C:\Users\nassi\.m2\repository\io\ous\jtoml\2.0.0\jtoml-2.0.0.jar;C:\Users\nassi\.m2\repository\net\bytebuddy\byte-buddy\1.11.19\byte-buddy-1.11.19.jar;C:\Users\nassi\.m2\repository\org\apache\commons\commons-exec\1.3\commons-exec-1.3.jar;C:\Users\nassi\.m2\repository\org\asynchttpclient\async-http-client\2.12.3\async-http-client-2.12.3.jar;C:\Users\nassi\.m2\repository\org\asynchttpclient\async-http-client-netty-utils\2.12.3\async-http-client-netty-utils-2.12.3.jar;C:\Users\nassi\.m2\repository\io\netty\netty-codec-socks\4.1.60.Final\netty-codec-socks-4.1.60.Final.jar;C:\Users\nassi\.m2\repository\io\netty\netty-handler-proxy\4.1.60.Final\netty-handler-proxy-4.1.60.Final.jar;C:\Users\nassi\.m2\repository\io\netty\netty-transport-native-epoll\4.1.60.Final\netty-transport-native-epoll-4.1.60.Final-linux-x86_64.jar;C:\Users\nassi\.m2\repository\io\netty\netty-transport-native-kqueue\4.1.60.Final\netty-transport-native-kqueue-4.1.60.Final-osx-x86_64.jar;C:\Users\nassi\.m2\repository\org\reactivestreams\reactive-streams\1.0.3\reactive-streams-1.0.3.jar;C:\Users\nassi\.m2\repository\com\typesafe\netty\netty-reactive-streams\2.0.4\netty-reactive-streams-2.0.4.jar;C:\Users\nassi\.m2\repository\com\sun\activation\jakarta.activation\1.2.2\jakarta.activation-1.2.2.jar;C:\Users\nassi\.m2\repository\org\seleniumhq\selenium\selenium-http\4.0.0\selenium-http-4.0.0.jar;C:\Users\nassi\.m2\repository\org\seleniumhq\selenium\selenium-safari-driver\4.0.0\selenium-safari-driver-4.0.0.jar;C:\Users\nassi\.m2\repository\org\seleniumhq\selenium\selenium-support\4.0.0\selenium-support-4.0.0.jar;C:\Users\nassi\.m2\repository\org\apache\poi\poi\3.17\poi-3.17.jar;C:\Users\nassi\.m2\repository\commons-codec\commons-codec\1.10\commons-codec-1.10.jar;C:\Users\nassi\.m2\repository\org\apache\commons\commons-collections4\4.1\commons-collections4-4.1.jar;C:\Users\nassi\.m2\repository\org\jsoup\jsoup\1.8.3\jsoup-1.8.3.jar;C:\Users\nassi\.m2\repository\commons-io\commons-io\2.5\commons-io-2.5.jar;C:\Users\nassi\.m2\repository\com\aventstack\extentreports\3.1.5\extentreports-3.1.5.jar;C:\Users\nassi\.m2\repository\org\freemarker\freemarker\2.3.23\freemarker-2.3.23.jar;C:\Users\nassi\.m2\repository\org\mongodb\mongodb-driver\3.3.0\mongodb-driver-3.3.0.jar;C:\Users\nassi\.m2\repository\org\mongodb\bson\3.3.0\bson-3.3.0.jar;C:\Users\nassi\.m2\repository\org\mongodb\mongodb-driver-core\3.3.0\mongodb-driver-core-3.3.0.jar;C:\Users\nassi\.m2\repository\org\apache\httpcomponents\httpclient\4.5.2\httpclient-4.5.2.jar;C:\Users\nassi\.m2\repository\org\apache\httpcomponents\httpcore\4.4.4\httpcore-4.4.4.jar;C:\Users\nassi\.m2\repository\commons-logging\commons-logging\1.2\commons-logging-1.2.jar;C:\Users\nassi\.m2\repository\org\apache\httpcomponents\httpmime\4.5.2\httpmime-4.5.2.jar;C:\Users\nassi\.m2\repository\com\google\code\gson\gson\2.8.0\gson-2.8.0.jar;C:\Users\nassi\.m2\repository\com\relevantcodes\extentreports\2.41.2\extentreports-2.41.2.jar;C:\Users\nassi\.m2\repository\org\xerial\sqlite-jdbc\3.8.11.1\sqlite-jdbc-3.8.11.1.jar;C:\Users\nassi\.m2\repository\org\apache\commons\commons-lang3\3.7\commons-lang3-3.7.jar;C:\Users\nassi\.m2\repository\io\rest-assured\rest-assured\4.4.0\rest-assured-4.4.0.jar;C:\Users\nassi\.m2\repository\org\codehaus\groovy\groovy\3.0.8\groovy-3.0.8.jar;C:\Users\nassi\.m2\repository\org\codehaus\groovy\groovy-xml\3.0.8\groovy-xml-3.0.8.jar;C:\Users\nassi\.m2\repository\org\hamcrest\hamcrest\2.1\hamcrest-2.1.jar;C:\Users\nassi\.m2\repository\org\ccil\cowan\tagsoup\tagsoup\1.2.1\tagsoup-1.2.1.jar;C:\Users\nassi\.m2\repository\io\rest-assured\json-path\4.4.0\json-path-4.4.0.jar;C:\Users\nassi\.m2\repository\org\codehaus\groovy\groovy-json\3.0.8\groovy-json-3.0.8.jar;C:\Users\nassi\.m2\repository\io\rest-assured\rest-assured-common\4.4.0\rest-assured-common-4.4.0.jar;C:\Users\nassi\.m2\repository\io\rest-assured\xml-path\4.4.0\xml-path-4.4.0.jar;C:\Users\nassi\.m2\repository\jakarta\xml\bind\jakarta.xml.bind-api\2.3.3\jakarta.xml.bind-api-2.3.3.jar;C:\Users\nassi\.m2\repository\jakarta\activation\jakarta.activation-api\1.2.2\jakarta.activation-api-1.2.2.jar;C:\Users\nassi\.m2\repository\com\sun\xml\bind\jaxb-impl\2.3.3\jaxb-impl-2.3.3.jar;"/>
    <property name="sun.cpu.endian" value="little"/>
    <property name="user.home" value="C:\Users\nassi"/>
    <property name="user.language" value="en"/>
    <property name="java.specification.vendor" value="Oracle Corporation"/>
    <property name="java.version.date" value="2021-04-20"/>
    <property name="java.home" value="C:\Program Files\Zulu\zulu-11"/>
    <property name="file.separator" value="\"/>
    <property name="basedir" value="C:\Users\nassi\IdeaProjects\FinalProject\CitiBank"/>
    <property name="java.vm.compressedOopsMode" value="32-bit"/>
    <property name="line.separator" value="&#10;"/>
    <property name="java.specification.name" value="Java Platform API Specification"/>
    <property name="java.vm.specification.vendor" value="Oracle Corporation"/>
    <property name="jdk.vendor.version" value="Zulu11.48+21-CA"/>
    <property name="java.awt.graphicsenv" value="sun.awt.Win32GraphicsEnvironment"/>
    <property name="surefire.real.class.path" value="C:\Users\nassi\AppData\Local\Temp\surefire14328289498004699414\surefirebooter4890799366015243766.jar"/>
    <property name="user.script" value=""/>
    <property name="sun.management.compiler" value="HotSpot 64-Bit Tiered Compilers"/>
    <property name="java.runtime.version" value="11.0.11+9-LTS"/>
    <property name="user.name" value="nassi"/>
    <property name="path.separator" value=";"/>
    <property name="os.version" value="10.0"/>
    <property name="java.runtime.name" value="OpenJDK Runtime Environment"/>
    <property name="file.encoding" value="Cp1252"/>
    <property name="java.vm.name" value="OpenJDK 64-Bit Server VM"/>
    <property name="java.vendor.version" value="Zulu11.48+21-CA"/>
    <property name="localRepository" value="C:\Users\nassi\.m2\repository"/>
    <property name="java.vendor.url.bug" value="http://www.azulsystems.com/support/"/>
    <property name="java.io.tmpdir" value="C:\Users\nassi\AppData\Local\Temp\"/>
    <property name="java.version" value="11.0.11"/>
    <property name="user.dir" value="C:\Users\nassi\IdeaProjects\FinalProject\CitiBank"/>
    <property name="os.arch" value="amd64"/>
    <property name="java.vm.specification.name" value="Java Virtual Machine Specification"/>
    <property name="java.awt.printerjob" value="sun.awt.windows.WPrinterJob"/>
    <property name="sun.os.patch.level" value=""/>
    <property name="java.library.path" value="C:\Program Files\Zulu\zulu-11\bin;C:\WINDOWS\Sun\Java\bin;C:\WINDOWS\system32;C:\WINDOWS;C:\Program Files\Zulu\zulu-11\bin\;C:\WINDOWS\system32;C:\WINDOWS;C:\WINDOWS\System32\Wbem;C:\WINDOWS\System32\WindowsPowerShell\v1.0\;C:\WINDOWS\System32\OpenSSH\;C:\Program Files\Java\jdk1.8.0_301;C:\Program Files\Git\cmd;C:\Program Files\MongoDB\Server\5.0\bin;C:\Program Files\apache-maven-3.8.3\bin;C:\Program Files\Java\jre1.8.0_301\bin;C:\Program Files\apache-maven-3.8.3\bin;path of bin folder;."/>
    <property name="java.vm.info" value="mixed mode"/>
    <property name="java.vendor" value="Azul Systems, Inc."/>
    <property name="java.vm.version" value="11.0.11+9-LTS"/>
    <property name="sun.io.unicode.encoding" value="UnicodeLittle"/>
    <property name="java.class.version" value="55.0"/>
  </properties>
  <testcase name="setUp" classname="test.TestAAdvantageExecutiveWorldElite" time="0.822">
    <failure message="The driver executable must exist: C:\Users\nassi\IdeaProjects\FinalProject\CitiBank\..\Generic\drivers\chromedriver" type="java.lang.IllegalStateException">java.lang.IllegalStateException: The driver executable must exist: C:\Users\nassi\IdeaProjects\FinalProject\CitiBank\..\Generic\drivers\chromedriver
</failure>
    <system-out><![CDATA[Extent Report DirectoryC:\Users\nassi\IdeaProjects\FinalProject\CitiBank\target\surefire-reports\html
]]></system-out>
    <system-err><![CDATA[Nov 26, 2021 10:36:24 PM com.relevantcodes.extentreports.ExtentReports loadConfig
WARNING: Unable to perform report configuration. The file C:\Users\nassi\IdeaProjects\FinalProject\CitiBank\report-config.xml was not found.
]]></system-err>
  </testcase>
  <testcase name="setUp" classname="test.TestAAdvantageExecutiveWorldElite" time="0">
    <skipped/>
  </testcase>
  <testcase name="setUp" classname="test.TestAAdvantageExecutiveWorldElite" time="0">
    <skipped/>
  </testcase>
  <testcase name="setUp" classname="test.TestAAdvantageExecutiveWorldElite" time="0">
    <skipped/>
  </testcase>
  <testcase name="setUp" classname="test.TestAAdvantageExecutiveWorldElite" time="0">
    <skipped/>
  </testcase>
  <testcase name="setUp" classname="test.TestAAdvantageExecutiveWorldElite" time="0">
    <skipped/>
  </testcase>
  <testcase name="setUp" classname="test.TestAAdvantageExecutiveWorldElite" time="0">
    <skipped/>
  </testcase>
  <testcase name="startExtent" classname="test.TestAAdvantageExecutiveWorldElite" time="0">
    <skipped/>
  </testcase>
  <testcase name="startExtent" classname="test.TestAAdvantageExecutiveWorldElite" time="0">
    <skipped/>
  </testcase>
  <testcase name="startExtent" classname="test.TestAAdvantageExecutiveWorldElite" time="0">
    <skipped/>
  </testcase>
  <testcase name="startExtent" classname="test.TestAAdvantageExecutiveWorldElite" time="0">
    <skipped/>
  </testcase>
  <testcase name="startExtent" classname="test.TestAAdvantageExecutiveWorldElite" time="0">
    <skipped/>
  </testcase>
  <testcase name="startExtent" classname="test.TestAAdvantageExecutiveWorldElite" time="0">
    <skipped/>
  </testcase>
  <testcase name="startExtent" classname="test.TestAAdvantageExecutiveWorldElite" time="0">
    <skipped/>
  </testcase>
  <testcase name="TestCitiRewardsCreditCard" classname="test.TestAAdvantageExecutiveWorldElite" time="0">
    <skipped message="The driver executable must exist: C:\Users\nassi\IdeaProjects\FinalProject\CitiBank\..\Generic\drivers\chromedriver"/>
  </testcase>
  <testcase name="afterEachTestMethod" classname="test.TestAAdvantageExecutiveWorldElite" time="0">
    <skipped/>
  </testcase>
  <testcase name="afterEachTestMethod" classname="test.TestAAdvantageExecutiveWorldElite" time="0">
    <skipped/>
  </testcase>
  <testcase name="afterEachTestMethod" classname="test.TestAAdvantageExecutiveWorldElite" time="0">
    <skipped/>
  </testcase>
  <testcase name="afterEachTestMethod" classname="test.TestAAdvantageExecutiveWorldElite" time="0">
    <skipped/>
  </testcase>
  <testcase name="afterEachTestMethod" classname="test.TestAAdvantageExecutiveWorldElite" time="0">
    <skipped/>
  </testcase>
  <testcase name="afterEachTestMethod" classname="test.TestAAdvantageExecutiveWorldElite" time="0">
    <skipped/>
  </testcase>
  <testcase name="afterEachTestMethod" classname="test.TestAAdvantageExecutiveWorldElite" time="0">
    <skipped/>
  </testcase>
  <testcase name="afterMethod" classname="test.TestAAdvantageExecutiveWorldElite" time="0">
    <skipped/>
  </testcase>
  <testcase name="afterMethod" classname="test.TestAAdvantageExecutiveWorldElite" time="0">
    <skipped/>
  </testcase>
  <testcase name="afterMethod" classname="test.TestAAdvantageExecutiveWorldElite" time="0">
    <skipped/>
  </testcase>
  <testcase name="afterMethod" classname="test.TestAAdvantageExecutiveWorldElite" time="0">
    <skipped/>
  </testcase>
  <testcase name="afterMethod" classname="test.TestAAdvantageExecutiveWorldElite" time="0">
    <skipped/>
  </testcase>
  <testcase name="afterMethod" classname="test.TestAAdvantageExecutiveWorldElite" time="0">
    <skipped/>
  </testcase>
  <testcase name="afterMethod" classname="test.TestAAdvantageExecutiveWorldElite" time="0">
    <skipped/>
  </testcase>
  <testcase name="TestCostcoBusinessCreditCard" classname="test.TestAAdvantageExecutiveWorldElite" time="0">
    <skipped message="The driver executable must exist: C:\Users\nassi\IdeaProjects\FinalProject\CitiBank\..\Generic\drivers\chromedriver"/>
  </testcase>
  <testcase name="TestCostcoVisaCreditCard" classname="test.TestAAdvantageExecutiveWorldElite" time="0">
    <skipped message="The driver executable must exist: C:\Users\nassi\IdeaProjects\FinalProject\CitiBank\..\Generic\drivers\chromedriver"/>
  </testcase>
  <testcase name="TestCustomerCash" classname="test.TestAAdvantageExecutiveWorldElite" time="0">
    <skipped message="The driver executable must exist: C:\Users\nassi\IdeaProjects\FinalProject\CitiBank\..\Generic\drivers\chromedriver"/>
  </testcase>
  <testcase name="TestDiamondCreditCard" classname="test.TestAAdvantageExecutiveWorldElite" time="0">
    <skipped message="The driver executable must exist: C:\Users\nassi\IdeaProjects\FinalProject\CitiBank\..\Generic\drivers\chromedriver"/>
  </testcase>
  <testcase name="TestDoubleCashCreditCard" classname="test.TestAAdvantageExecutiveWorldElite" time="0">
    <skipped message="The driver executable must exist: C:\Users\nassi\IdeaProjects\FinalProject\CitiBank\..\Generic\drivers\chromedriver"/>
  </testcase>
  <testcase name="test" classname="test.TestAAdvantageExecutiveWorldElite" time="0">
    <skipped message="The driver executable must exist: C:\Users\nassi\IdeaProjects\FinalProject\CitiBank\..\Generic\drivers\chromedriver"/>
  </testcase>
  <testcase name="setUp" classname="test.TestCreditCards" time="0.006">
    <failure message="The driver executable must exist: C:\Users\nassi\IdeaProjects\FinalProject\CitiBank\..\Generic\drivers\chromedriver" type="java.lang.IllegalStateException">java.lang.IllegalStateException: The driver executable must exist: C:\Users\nassi\IdeaProjects\FinalProject\CitiBank\..\Generic\drivers\chromedriver
</failure>
  </testcase>
  <testcase name="setUp" classname="test.TestCreditCards" time="0">
    <skipped/>
  </testcase>
  <testcase name="setUp" classname="test.TestCreditCards" time="0">
    <skipped/>
  </testcase>
  <testcase name="setUp" classname="test.TestCreditCards" time="0">
    <skipped/>
  </testcase>
  <testcase name="setUp" classname="test.TestCreditCards" time="0">
    <skipped/>
  </testcase>
  <testcase name="setUp" classname="test.TestCreditCards" time="0">
    <skipped/>
  </testcase>
  <testcase name="setUp" classname="test.TestCreditCards" time="0">
    <skipped/>
  </testcase>
  <testcase name="startExtent" classname="test.TestCreditCards" time="0">
    <skipped/>
  </testcase>
  <testcase name="startExtent" classname="test.TestCreditCards" time="0">
    <skipped/>
  </testcase>
  <testcase name="startExtent" classname="test.TestCreditCards" time="0">
    <skipped/>
  </testcase>
  <testcase name="startExtent" classname="test.TestCreditCards" time="0">
    <skipped/>
  </testcase>
  <testcase name="startExtent" classname="test.TestCreditCards" time="0">
    <skipped/>
  </testcase>
  <testcase name="startExtent" classname="test.TestCreditCards" time="0">
    <skipped/>
  </testcase>
  <testcase name="startExtent" classname="test.TestCreditCards" time="0">
    <skipped/>
  </testcase>
  <testcase name="TestCitiRewardsCreditCard" classname="test.TestCreditCards" time="0">
    <skipped message="The driver executable must exist: C:\Users\nassi\IdeaProjects\FinalProject\CitiBank\..\Generic\drivers\chromedriver"/>
  </testcase>
  <testcase name="afterEachTestMethod" classname="test.TestCreditCards" time="0">
    <skipped/>
  </testcase>
  <testcase name="afterEachTestMethod" classname="test.TestCreditCards" time="0">
    <skipped/>
  </testcase>
  <testcase name="afterEachTestMethod" classname="test.TestCreditCards" time="0">
    <skipped/>
  </testcase>
  <testcase name="afterEachTestMethod" classname="test.TestCreditCards" time="0">
    <skipped/>
  </testcase>
  <testcase name="afterEachTestMethod" classname="test.TestCreditCards" time="0">
    <skipped/>
  </testcase>
  <testcase name="afterEachTestMethod" classname="test.TestCreditCards" time="0">
    <skipped/>
  </testcase>
  <testcase name="afterEachTestMethod" classname="test.TestCreditCards" time="0">
    <skipped/>
  </testcase>
  <testcase name="afterMethod" classname="test.TestCreditCards" time="0">
    <skipped/>
  </testcase>
  <testcase name="afterMethod" classname="test.TestCreditCards" time="0">
    <skipped/>
  </testcase>
  <testcase name="afterMethod" classname="test.TestCreditCards" time="0">
    <skipped/>
  </testcase>
  <testcase name="afterMethod" classname="test.TestCreditCards" time="0">
    <skipped/>
  </testcase>
  <testcase name="afterMethod" classname="test.TestCreditCards" time="0">
    <skipped/>
  </testcase>
  <testcase name="afterMethod" classname="test.TestCreditCards" time="0">
    <skipped/>
  </testcase>
  <testcase name="afterMethod" classname="test.TestCreditCards" time="0">
    <skipped/>
  </testcase>
  <testcase name="TestCostcoBusinessCreditCard" classname="test.TestCreditCards" time="0">
    <skipped message="The driver executable must exist: C:\Users\nassi\IdeaProjects\FinalProject\CitiBank\..\Generic\drivers\chromedriver"/>
  </testcase>
  <testcase name="TestCustomerCash" classname="test.TestCreditCards" time="0">
    <skipped message="The driver executable must exist: C:\Users\nassi\IdeaProjects\FinalProject\CitiBank\..\Generic\drivers\chromedriver"/>
  </testcase>
  <testcase name="TestD_Card" classname="test.TestCreditCards" time="0">
    <skipped message="The driver executable must exist: C:\Users\nassi\IdeaProjects\FinalProject\CitiBank\..\Generic\drivers\chromedriver"/>
  </testcase>
  <testcase name="TestDoubleCashCreditCard" classname="test.TestCreditCards" time="0">
    <skipped message="The driver executable must exist: C:\Users\nassi\IdeaProjects\FinalProject\CitiBank\..\Generic\drivers\chromedriver"/>
  </testcase>
  <testcase name="TestVisaCreditCard" classname="test.TestCreditCards" time="0">
    <skipped message="The driver executable must exist: C:\Users\nassi\IdeaProjects\FinalProject\CitiBank\..\Generic\drivers\chromedriver"/>
  </testcase>
  <testcase name="test" classname="test.TestCreditCards" time="0">
    <skipped message="The driver executable must exist: C:\Users\nassi\IdeaProjects\FinalProject\CitiBank\..\Generic\drivers\chromedriver"/>
  </testcase>
  <testcase name="setUp" classname="test.TestGetHelp" time="0.004">
    <failure message="The driver executable must exist: C:\Users\nassi\IdeaProjects\FinalProject\CitiBank\..\Generic\drivers\chromedriver" type="java.lang.IllegalStateException">java.lang.IllegalStateException: The driver executable must exist: C:\Users\nassi\IdeaProjects\FinalProject\CitiBank\..\Generic\drivers\chromedriver
</failure>
  </testcase>
  <testcase name="startExtent" classname="test.TestGetHelp" time="0">
    <skipped/>
  </testcase>
  <testcase name="getInfo" classname="test.TestGetHelp" time="0">
    <skipped message="The driver executable must exist: C:\Users\nassi\IdeaProjects\FinalProject\CitiBank\..\Generic\drivers\chromedriver"/>
  </testcase>
  <testcase name="afterEachTestMethod" classname="test.TestGetHelp" time="0">
    <skipped/>
  </testcase>
  <testcase name="afterMethod" classname="test.TestGetHelp" time="0">
    <skipped/>
  </testcase>
  <testcase name="setUp" classname="test.TestHomePage" time="0.003">
    <failure message="The driver executable must exist: C:\Users\nassi\IdeaProjects\FinalProject\CitiBank\..\Generic\drivers\chromedriver" type="java.lang.IllegalStateException">java.lang.IllegalStateException: The driver executable must exist: C:\Users\nassi\IdeaProjects\FinalProject\CitiBank\..\Generic\drivers\chromedriver
</failure>
  </testcase>
  <testcase name="setUp" classname="test.TestHomePage" time="0">
    <skipped/>
  </testcase>
  <testcase name="setUp" classname="test.TestHomePage" time="0">
    <skipped/>
  </testcase>
  <testcase name="setUp" classname="test.TestHomePage" time="0">
    <skipped/>
  </testcase>
  <testcase name="setUp" classname="test.TestHomePage" time="0">
    <skipped/>
  </testcase>
  <testcase name="setUp" classname="test.TestHomePage" time="0">
    <skipped/>
  </testcase>
  <testcase name="setUp" classname="test.TestHomePage" time="0">
    <skipped/>
  </testcase>
  <testcase name="setUp" classname="test.TestHomePage" time="0">
    <skipped/>
  </testcase>
  <testcase name="setUp" classname="test.TestHomePage" time="0">
    <skipped/>
  </testcase>
  <testcase name="setUp" classname="test.TestHomePage" time="0">
    <skipped/>
  </testcase>
  <testcase name="setUp" classname="test.TestHomePage" time="0">
    <skipped/>
  </testcase>
  <testcase name="setUp" classname="test.TestHomePage" time="0">
    <skipped/>
  </testcase>
  <testcase name="setUp" classname="test.TestHomePage" time="0">
    <skipped/>
  </testcase>
  <testcase name="setUp" classname="test.TestHomePage" time="0">
    <skipped/>
  </testcase>
  <testcase name="setUp" classname="test.TestHomePage" time="0">
    <skipped/>
  </testcase>
  <testcase name="setUp" classname="test.TestHomePage" time="0">
    <skipped/>
  </testcase>
  <testcase name="setUp" classname="test.TestHomePage" time="0">
    <skipped/>
  </testcase>
  <testcase name="setUp" classname="test.TestHomePage" time="0">
    <skipped/>
  </testcase>
  <testcase name="setUp" classname="test.TestHomePage" time="0">
    <skipped/>
  </testcase>
  <testcase name="setUp" classname="test.TestHomePage" time="0">
    <skipped/>
  </testcase>
  <testcase name="startExtent" classname="test.TestHomePage" time="0">
    <skipped/>
  </testcase>
  <testcase name="startExtent" classname="test.TestHomePage" time="0">
    <skipped/>
  </testcase>
  <testcase name="startExtent" classname="test.TestHomePage" time="0">
    <skipped/>
  </testcase>
  <testcase name="startExtent" classname="test.TestHomePage" time="0">
    <skipped/>
  </testcase>
  <testcase name="startExtent" classname="test.TestHomePage" time="0">
    <skipped/>
  </testcase>
  <testcase name="startExtent" classname="test.TestHomePage" time="0">
    <skipped/>
  </testcase>
  <testcase name="startExtent" classname="test.TestHomePage" time="0">
    <skipped/>
  </testcase>
  <testcase name="startExtent" classname="test.TestHomePage" time="0">
    <skipped/>
  </testcase>
  <testcase name="startExtent" classname="test.TestHomePage" time="0">
    <skipped/>
  </testcase>
  <testcase name="startExtent" classname="test.TestHomePage" time="0">
    <skipped/>
  </testcase>
  <testcase name="startExtent" classname="test.TestHomePage" time="0">
    <skipped/>
  </testcase>
  <testcase name="startExtent" classname="test.TestHomePage" time="0">
    <skipped/>
  </testcase>
  <testcase name="startExtent" classname="test.TestHomePage" time="0">
    <skipped/>
  </testcase>
  <testcase name="startExtent" classname="test.TestHomePage" time="0">
    <skipped/>
  </testcase>
  <testcase name="startExtent" classname="test.TestHomePage" time="0">
    <skipped/>
  </testcase>
  <testcase name="startExtent" classname="test.TestHomePage" time="0">
    <skipped/>
  </testcase>
  <testcase name="startExtent" classname="test.TestHomePage" time="0">
    <skipped/>
  </testcase>
  <testcase name="startExtent" classname="test.TestHomePage" time="0">
    <skipped/>
  </testcase>
  <testcase name="startExtent" classname="test.TestHomePage" time="0">
    <skipped/>
  </testcase>
  <testcase name="startExtent" classname="test.TestHomePage" time="0">
    <skipped/>
  </testcase>
  <testcase name="test1" classname="test.TestHomePage" time="0">
    <skipped message="The driver executable must exist: C:\Users\nassi\IdeaProjects\FinalProject\CitiBank\..\Generic\drivers\chromedriver"/>
  </testcase>
  <testcase name="afterEachTestMethod" classname="test.TestHomePage" time="0">
    <skipped/>
  </testcase>
  <testcase name="afterEachTestMethod" classname="test.TestHomePage" time="0">
    <skipped/>
  </testcase>
  <testcase name="afterEachTestMethod" classname="test.TestHomePage" time="0">
    <skipped/>
  </testcase>
  <testcase name="afterEachTestMethod" classname="test.TestHomePage" time="0">
    <skipped/>
  </testcase>
  <testcase name="afterEachTestMethod" classname="test.TestHomePage" time="0">
    <skipped/>
  </testcase>
  <testcase name="afterEachTestMethod" classname="test.TestHomePage" time="0">
    <skipped/>
  </testcase>
  <testcase name="afterEachTestMethod" classname="test.TestHomePage" time="0">
    <skipped/>
  </testcase>
  <testcase name="afterEachTestMethod" classname="test.TestHomePage" time="0">
    <skipped/>
  </testcase>
  <testcase name="afterEachTestMethod" classname="test.TestHomePage" time="0">
    <skipped/>
  </testcase>
  <testcase name="afterEachTestMethod" classname="test.TestHomePage" time="0">
    <skipped/>
  </testcase>
  <testcase name="afterEachTestMethod" classname="test.TestHomePage" time="0">
    <skipped/>
  </testcase>
  <testcase name="afterEachTestMethod" classname="test.TestHomePage" time="0">
    <skipped/>
  </testcase>
  <testcase name="afterEachTestMethod" classname="test.TestHomePage" time="0">
    <skipped/>
  </testcase>
  <testcase name="afterEachTestMethod" classname="test.TestHomePage" time="0">
    <skipped/>
  </testcase>
  <testcase name="afterEachTestMethod" classname="test.TestHomePage" time="0">
    <skipped/>
  </testcase>
  <testcase name="afterEachTestMethod" classname="test.TestHomePage" time="0">
    <skipped/>
  </testcase>
  <testcase name="afterEachTestMethod" classname="test.TestHomePage" time="0">
    <skipped/>
  </testcase>
  <testcase name="afterEachTestMethod" classname="test.TestHomePage" time="0">
    <skipped/>
  </testcase>
  <testcase name="afterEachTestMethod" classname="test.TestHomePage" time="0">
    <skipped/>
  </testcase>
  <testcase name="afterEachTestMethod" classname="test.TestHomePage" time="0">
    <skipped/>
  </testcase>
  <testcase name="afterMethod" classname="test.TestHomePage" time="0">
    <skipped/>
  </testcase>
  <testcase name="afterMethod" classname="test.TestHomePage" time="0">
    <skipped/>
  </testcase>
  <testcase name="afterMethod" classname="test.TestHomePage" time="0">
    <skipped/>
  </testcase>
  <testcase name="afterMethod" classname="test.TestHomePage" time="0">
    <skipped/>
  </testcase>
  <testcase name="afterMethod" classname="test.TestHomePage" time="0">
    <skipped/>
  </testcase>
  <testcase name="afterMethod" classname="test.TestHomePage" time="0">
    <skipped/>
  </testcase>
  <testcase name="afterMethod" classname="test.TestHomePage" time="0">
    <skipped/>
  </testcase>
  <testcase name="afterMethod" classname="test.TestHomePage" time="0">
    <skipped/>
  </testcase>
  <testcase name="afterMethod" classname="test.TestHomePage" time="0">
    <skipped/>
  </testcase>
  <testcase name="afterMethod" classname="test.TestHomePage" time="0">
    <skipped/>
  </testcase>
  <testcase name="afterMethod" classname="test.TestHomePage" time="0">
    <skipped/>
  </testcase>
  <testcase name="afterMethod" classname="test.TestHomePage" time="0">
    <skipped/>
  </testcase>
  <testcase name="afterMethod" classname="test.TestHomePage" time="0">
    <skipped/>
  </testcase>
  <testcase name="afterMethod" classname="test.TestHomePage" time="0">
    <skipped/>
  </testcase>
  <testcase name="afterMethod" classname="test.TestHomePage" time="0">
    <skipped/>
  </testcase>
  <testcase name="afterMethod" classname="test.TestHomePage" time="0">
    <skipped/>
  </testcase>
  <testcase name="afterMethod" classname="test.TestHomePage" time="0">
    <skipped/>
  </testcase>
  <testcase name="afterMethod" classname="test.TestHomePage" time="0">
    <skipped/>
  </testcase>
  <testcase name="afterMethod" classname="test.TestHomePage" time="0">
    <skipped/>
  </testcase>
  <testcase name="afterMethod" classname="test.TestHomePage" time="0">
    <skipped/>
  </testcase>
  <testcase name="test10" classname="test.TestHomePage" time="0">
    <skipped message="The driver executable must exist: C:\Users\nassi\IdeaProjects\FinalProject\CitiBank\..\Generic\drivers\chromedriver"/>
  </testcase>
  <testcase name="test11" classname="test.TestHomePage" time="0">
    <skipped message="The driver executable must exist: C:\Users\nassi\IdeaProjects\FinalProject\CitiBank\..\Generic\drivers\chromedriver"/>
  </testcase>
  <testcase name="test12" classname="test.TestHomePage" time="0">
    <skipped message="The driver executable must exist: C:\Users\nassi\IdeaProjects\FinalProject\CitiBank\..\Generic\drivers\chromedriver"/>
  </testcase>
  <testcase name="test13" classname="test.TestHomePage" time="0">
    <skipped message="The driver executable must exist: C:\Users\nassi\IdeaProjects\FinalProject\CitiBank\..\Generic\drivers\chromedriver"/>
  </testcase>
  <testcase name="test14" classname="test.TestHomePage" time="0">
    <skipped message="The driver executable must exist: C:\Users\nassi\IdeaProjects\FinalProject\CitiBank\..\Generic\drivers\chromedriver"/>
  </testcase>
  <testcase name="test15" classname="test.TestHomePage" time="0">
    <skipped message="The driver executable must exist: C:\Users\nassi\IdeaProjects\FinalProject\CitiBank\..\Generic\drivers\chromedriver"/>
  </testcase>
  <testcase name="test16" classname="test.TestHomePage" time="0">
    <skipped message="The driver executable must exist: C:\Users\nassi\IdeaProjects\FinalProject\CitiBank\..\Generic\drivers\chromedriver"/>
  </testcase>
  <testcase name="test17" classname="test.TestHomePage" time="0">
    <skipped message="The driver executable must exist: C:\Users\nassi\IdeaProjects\FinalProject\CitiBank\..\Generic\drivers\chromedriver"/>
  </testcase>
  <testcase name="test18" classname="test.TestHomePage" time="0">
    <skipped message="The driver executable must exist: C:\Users\nassi\IdeaProjects\FinalProject\CitiBank\..\Generic\drivers\chromedriver"/>
  </testcase>
  <testcase name="test19" classname="test.TestHomePage" time="0">
    <skipped message="The driver executable must exist: C:\Users\nassi\IdeaProjects\FinalProject\CitiBank\..\Generic\drivers\chromedriver"/>
  </testcase>
  <testcase name="test2" classname="test.TestHomePage" time="0">
    <skipped message="The driver executable must exist: C:\Users\nassi\IdeaProjects\FinalProject\CitiBank\..\Generic\drivers\chromedriver"/>
  </testcase>
  <testcase name="test20" classname="test.TestHomePage" time="0">
    <skipped message="The driver executable must exist: C:\Users\nassi\IdeaProjects\FinalProject\CitiBank\..\Generic\drivers\chromedriver"/>
  </testcase>
  <testcase name="test3" classname="test.TestHomePage" time="0">
    <skipped message="The driver executable must exist: C:\Users\nassi\IdeaProjects\FinalProject\CitiBank\..\Generic\drivers\chromedriver"/>
  </testcase>
  <testcase name="test4" classname="test.TestHomePage" time="0">
    <skipped message="The driver executable must exist: C:\Users\nassi\IdeaProjects\FinalProject\CitiBank\..\Generic\drivers\chromedriver"/>
  </testcase>
  <testcase name="test5" classname="test.TestHomePage" time="0">
    <skipped message="The driver executable must exist: C:\Users\nassi\IdeaProjects\FinalProject\CitiBank\..\Generic\drivers\chromedriver"/>
  </testcase>
  <testcase name="test6" classname="test.TestHomePage" time="0">
    <skipped message="The driver executable must exist: C:\Users\nassi\IdeaProjects\FinalProject\CitiBank\..\Generic\drivers\chromedriver"/>
  </testcase>
  <testcase name="test7" classname="test.TestHomePage" time="0">
    <skipped message="The driver executable must exist: C:\Users\nassi\IdeaProjects\FinalProject\CitiBank\..\Generic\drivers\chromedriver"/>
  </testcase>
  <testcase name="test8" classname="test.TestHomePage" time="0">
    <skipped message="The driver executable must exist: C:\Users\nassi\IdeaProjects\FinalProject\CitiBank\..\Generic\drivers\chromedriver"/>
  </testcase>
  <testcase name="test9" classname="test.TestHomePage" time="0">
    <skipped message="The driver executable must exist: C:\Users\nassi\IdeaProjects\FinalProject\CitiBank\..\Generic\drivers\chromedriver"/>
  </testcase>
  <testcase name="setUp" classname="test.TestOpenAccount" time="0.003">
    <failure message="The driver executable must exist: C:\Users\nassi\IdeaProjects\FinalProject\CitiBank\..\Generic\drivers\chromedriver" type="java.lang.IllegalStateException">java.lang.IllegalStateException: The driver executable must exist: C:\Users\nassi\IdeaProjects\FinalProject\CitiBank\..\Generic\drivers\chromedriver
</failure>
  </testcase>
  <testcase name="startExtent" classname="test.TestOpenAccount" time="0">
    <skipped/>
  </testcase>
  <testcase name="newAccount" classname="test.TestOpenAccount" time="0">
    <skipped message="The driver executable must exist: C:\Users\nassi\IdeaProjects\FinalProject\CitiBank\..\Generic\drivers\chromedriver"/>
  </testcase>
  <testcase name="afterEachTestMethod" classname="test.TestOpenAccount" time="0">
    <skipped/>
  </testcase>
  <testcase name="afterMethod" classname="test.TestOpenAccount" time="0">
    <skipped/>
  </testcase>
  <testcase name="setUp" classname="test.TestQuickLink" time="0.004">
    <failure message="The driver executable must exist: C:\Users\nassi\IdeaProjects\FinalProject\CitiBank\..\Generic\drivers\chromedriver" type="java.lang.IllegalStateException">java.lang.IllegalStateException: The driver executable must exist: C:\Users\nassi\IdeaProjects\FinalProject\CitiBank\..\Generic\drivers\chromedriver
</failure>
  </testcase>
  <testcase name="startExtent" classname="test.TestQuickLink" time="0">
    <skipped/>
  </testcase>
  <testcase name="knowleg" classname="test.TestQuickLink" time="0">
    <skipped message="The driver executable must exist: C:\Users\nassi\IdeaProjects\FinalProject\CitiBank\..\Generic\drivers\chromedriver"/>
  </testcase>
  <testcase name="afterEachTestMethod" classname="test.TestQuickLink" time="0">
    <skipped/>
  </testcase>
  <testcase name="afterMethod" classname="test.TestQuickLink" time="0">
    <skipped/>
  </testcase>
  <testcase name="setUp" classname="test.TestRespondToMailOffer" time="0.004">
    <failure message="The driver executable must exist: C:\Users\nassi\IdeaProjects\FinalProject\CitiBank\..\Generic\drivers\chromedriver" type="java.lang.IllegalStateException">java.lang.IllegalStateException: The driver executable must exist: C:\Users\nassi\IdeaProjects\FinalProject\CitiBank\..\Generic\drivers\chromedriver
</failure>
  </testcase>
  <testcase name="startExtent" classname="test.TestRespondToMailOffer" time="0">
    <skipped/>
  </testcase>
  <testcase name="respond" classname="test.TestRespondToMailOffer" time="0">
    <skipped message="The driver executable must exist: C:\Users\nassi\IdeaProjects\FinalProject\CitiBank\..\Generic\drivers\chromedriver"/>
  </testcase>
  <testcase name="afterEachTestMethod" classname="test.TestRespondToMailOffer" time="0">
    <skipped/>
  </testcase>
  <testcase name="afterMethod" classname="test.TestRespondToMailOffer" time="0">
    <skipped/>
  </testcase>
  <testcase name="setUp" classname="test.TestSingon" time="0.003">
    <failure message="The driver executable must exist: C:\Users\nassi\IdeaProjects\FinalProject\CitiBank\..\Generic\drivers\chromedriver" type="java.lang.IllegalStateException">java.lang.IllegalStateException: The driver executable must exist: C:\Users\nassi\IdeaProjects\FinalProject\CitiBank\..\Generic\drivers\chromedriver
</failure>
  </testcase>
  <testcase name="setUp" classname="test.TestSingon" time="0">
    <skipped/>
  </testcase>
  <testcase name="setUp" classname="test.TestSingon" time="0">
    <skipped/>
  </testcase>
  <testcase name="setUp" classname="test.TestSingon" time="0">
    <skipped/>
  </testcase>
  <testcase name="startExtent" classname="test.TestSingon" time="0">
    <skipped/>
  </testcase>
  <testcase name="startExtent" classname="test.TestSingon" time="0">
    <skipped/>
  </testcase>
  <testcase name="startExtent" classname="test.TestSingon" time="0">
    <skipped/>
  </testcase>
  <testcase name="startExtent" classname="test.TestSingon" time="0">
    <skipped/>
  </testcase>
  <testcase name="ActivatTheCard" classname="test.TestSingon" time="0">
    <skipped message="The driver executable must exist: C:\Users\nassi\IdeaProjects\FinalProject\CitiBank\..\Generic\drivers\chromedriver"/>
  </testcase>
  <testcase name="afterEachTestMethod" classname="test.TestSingon" time="0">
    <skipped/>
  </testcase>
  <testcase name="afterEachTestMethod" classname="test.TestSingon" time="0">
    <skipped/>
  </testcase>
  <testcase name="afterEachTestMethod" classname="test.TestSingon" time="0">
    <skipped/>
  </testcase>
  <testcase name="afterEachTestMethod" classname="test.TestSingon" time="0">
    <skipped/>
  </testcase>
  <testcase name="afterMethod" classname="test.TestSingon" time="0">
    <skipped/>
  </testcase>
  <testcase name="afterMethod" classname="test.TestSingon" time="0">
    <skipped/>
  </testcase>
  <testcase name="afterMethod" classname="test.TestSingon" time="0">
    <skipped/>
  </testcase>
  <testcase name="afterMethod" classname="test.TestSingon" time="0">
    <skipped/>
  </testcase>
  <testcase name="mobileSign" classname="test.TestSingon" time="0">
    <skipped message="The driver executable must exist: C:\Users\nassi\IdeaProjects\FinalProject\CitiBank\..\Generic\drivers\chromedriver"/>
  </testcase>
  <testcase name="recoverAccount" classname="test.TestSingon" time="0">
    <skipped message="The driver executable must exist: C:\Users\nassi\IdeaProjects\FinalProject\CitiBank\..\Generic\drivers\chromedriver"/>
  </testcase>
  <testcase name="signOninfo" classname="test.TestSingon" time="0">
    <skipped message="The driver executable must exist: C:\Users\nassi\IdeaProjects\FinalProject\CitiBank\..\Generic\drivers\chromedriver"/>
  </testcase>
  <testcase name="setUp" classname="test.TestSpecialOffer" time="0.004">
    <failure message="The driver executable must exist: C:\Users\nassi\IdeaProjects\FinalProject\CitiBank\..\Generic\drivers\chromedriver" type="java.lang.IllegalStateException">java.lang.IllegalStateException: The driver executable must exist: C:\Users\nassi\IdeaProjects\FinalProject\CitiBank\..\Generic\drivers\chromedriver
</failure>
  </testcase>
  <testcase name="startExtent" classname="test.TestSpecialOffer" time="0">
    <skipped/>
  </testcase>
  <testcase name="offers" classname="test.TestSpecialOffer" time="0">
    <skipped message="The driver executable must exist: C:\Users\nassi\IdeaProjects\FinalProject\CitiBank\..\Generic\drivers\chromedriver"/>
  </testcase>
  <testcase name="afterEachTestMethod" classname="test.TestSpecialOffer" time="0">
    <skipped/>
  </testcase>
  <testcase name="afterMethod" classname="test.TestSpecialOffer" time="0">
    <skipped/>
  </testcase>
</testsuite>