<?xml version="1.0" encoding="UTF-8"?>
<!-- Generated by org.testng.reporters.JUnitXMLReporter -->
<testsuite ignored="6" hostname="DESKTOP-7LQLMGE" failures="0" tests="1" name="FinalProject" time="0.076" errors="0" timestamp="2021-11-26T19:26:05 EST">
  <testcase classname="base.CommonAPI" name="@BeforeMethod setUp" time="0.039">
    <failure type="java.lang.IllegalStateException" message="The driver executable must exist: C:\Users\nassi\IdeaProjects\FinalProject\CitiBank\..\Generic\drivers\chromedriver">
      <![CDATA[java.lang.IllegalStateException: The driver executable must exist: C:\Users\nassi\IdeaProjects\FinalProject\CitiBank\..\Generic\drivers\chromedriver
at org.openqa.selenium.internal.Require$FileStateChecker.isFile(Require.java:315)
at org.openqa.selenium.remote.service.DriverService.checkExecutable(DriverService.java:144)
at org.openqa.selenium.remote.service.DriverService.findExecutable(DriverService.java:139)
at org.openqa.selenium.chrome.ChromeDriverService.access$000(ChromeDriverService.java:38)
at org.openqa.selenium.chrome.ChromeDriverService$Builder.findDefaultExecutable(ChromeDriverService.java:231)
at org.openqa.selenium.remote.service.DriverService$Builder.build(DriverService.java:434)
at org.openqa.selenium.chrome.ChromeDriverService.createDefaultService(ChromeDriverService.java:127)
at org.openqa.selenium.chrome.ChromeDriver.<init>(ChromeDriver.java:46)
at base.CommonAPI.getLocalDriver(CommonAPI.java:122)
at base.CommonAPI.setUp(CommonAPI.java:107)
at java.base/java.util.ArrayList.forEach(ArrayList.java:1541)
at com.intellij.rt.testng.IDEARemoteTestNG.run(IDEARemoteTestNG.java:66)
at com.intellij.rt.testng.RemoteTestNGStarter.main(RemoteTestNGStarter.java:109)
... Removed 28 stack frames]]>
    </failure>
  </testcase> <!-- @BeforeMethod setUp -->
  <testcase classname="base.CommonAPI" name="@BeforeMethod startExtent" time="-1.637972765201E9">
    <skipped/>
  </testcase> <!-- @BeforeMethod startExtent -->
  <testcase classname="base.CommonAPI" name="@AfterMethod afterEachTestMethod" time="-1.637972765203E9">
    <skipped/>
  </testcase> <!-- @AfterMethod afterEachTestMethod -->
  <testcase classname="base.CommonAPI" name="@AfterMethod afterMethod" time="-1.637972765204E9">
    <skipped/>
  </testcase> <!-- @AfterMethod afterMethod -->
  <testcase classname="test.TestCreditCards" name="TestCitiRewardsCreditCard" time="0.0">
    <skipped/>
  </testcase> <!-- TestCitiRewardsCreditCard -->
  <testcase classname="test.TestCreditCards" name="TestDiamondCreditCard" time="0.0">
    <ignored/>
  </testcase> <!-- TestDiamondCreditCard -->
  <testcase classname="test.TestCreditCards" name="TestCostcoVisaCreditCard" time="0.0">
    <ignored/>
  </testcase> <!-- TestCostcoVisaCreditCard -->
  <testcase classname="test.TestCreditCards" name="TestDoubleCashCreditCard" time="0.0">
    <ignored/>
  </testcase> <!-- TestDoubleCashCreditCard -->
  <testcase classname="test.TestCreditCards" name="TestCustomerCash" time="0.0">
    <ignored/>
  </testcase> <!-- TestCustomerCash -->
  <testcase classname="test.TestCreditCards" name="test" time="0.0">
    <ignored/>
  </testcase> <!-- test -->
  <testcase classname="test.TestCreditCards" name="TestCostcoBusinessCreditCard" time="0.0">
    <ignored/>
  </testcase> <!-- TestCostcoBusinessCreditCard -->
</testsuite> <!-- FinalProject -->
